{
  "uid" : "c7087af591685a3f",
  "name" : "test_add_database_articles",
  "fullName" : "exam_masterpiece.test_ts4_add_database_articles#test_add_database_articles",
  "historyId" : "07fe76b1e487cb38d58a4e75b15e5047",
  "time" : {
    "start" : 1627285629805,
    "stop" : 1627285646697,
    "duration" : 16892
  },
  "status" : "broken",
  "statusMessage" : "FileNotFoundError: [Errno 2] No such file or directory: 'E:\\\\conduit\\\\exam_masterpiece\\\\test.csv'",
  "statusTrace" : "def test_add_database_articles():\n        import os\n        import sys\n        from selenium import webdriver\n        from selenium.webdriver.chrome.options import Options\n        from webdriver_manager.chrome import ChromeDriverManager\n        import csv\n        import time\n        from selenium.common.exceptions import NoSuchElementException\n    \n        options = Options()\n        options.add_argument('--headless')\n        options.add_argument('--disable-gpu')\n        driver = webdriver.Chrome(ChromeDriverManager().install(), chrome_options=options)\n    \n        try:\n            driver.get(\"http://localhost:1667/#\")\n            time.sleep(10)\n    \n            # Activate Sign in input field:\n            login = driver.find_element_by_xpath('//*[@id=\"app\"]/nav/div/ul/li[2]/a')\n            login.click()\n    \n            # Fill input fields:\n            def fill_login(mail, pw):\n                email = driver.find_element_by_xpath('//*[@id=\"app\"]//fieldset[1]/input')\n                password = driver.find_element_by_xpath('//*[@id=\"app\"]//fieldset[2]/input')\n                button = driver.find_element_by_xpath('//*[@id=\"app\"]//form/button')\n    \n                email.send_keys(mail)\n                password.send_keys(pw)\n                button.click()\n    \n            username = \"kiskakas1\"\n            fill_login(\"kiskakas1@gmail.com\", \"Kiskakas1$\")\n    \n            time.sleep(3)\n            new_article = driver.find_element_by_xpath('//*[@id=\"app\"]/nav/div/ul/li[2]/a').click()\n            time.sleep(2)\n            article_title = driver.find_element_by_xpath('//*[@id=\"app\"]//fieldset[1]/input')\n            article_about = driver.find_element_by_xpath('//*[@id=\"app\"]//fieldset[2]/input')\n            article_content = driver.find_element_by_xpath('//*[@id=\"app\"]//fieldset[3]/textarea')\n            article_tag = driver.find_element_by_xpath('//*[@id=\"app\"]//fieldset[4]//input')\n            publish_button = driver.find_element_by_xpath('//*[@id=\"app\"]//form/button')\n    \n>           os.chdir(r'E:\\conduit\\exam_masterpiece\\test.csv')\nE           FileNotFoundError: [Errno 2] No such file or directory: 'E:\\\\conduit\\\\exam_masterpiece\\\\test.csv'\n\nexam_masterpiece/test_ts4_add_database_articles.py:46: FileNotFoundError",
  "flaky" : false,
  "newFailed" : false,
  "beforeStages" : [ ],
  "testStage" : {
    "status" : "broken",
    "statusMessage" : "FileNotFoundError: [Errno 2] No such file or directory: 'E:\\\\conduit\\\\exam_masterpiece\\\\test.csv'",
    "statusTrace" : "def test_add_database_articles():\n        import os\n        import sys\n        from selenium import webdriver\n        from selenium.webdriver.chrome.options import Options\n        from webdriver_manager.chrome import ChromeDriverManager\n        import csv\n        import time\n        from selenium.common.exceptions import NoSuchElementException\n    \n        options = Options()\n        options.add_argument('--headless')\n        options.add_argument('--disable-gpu')\n        driver = webdriver.Chrome(ChromeDriverManager().install(), chrome_options=options)\n    \n        try:\n            driver.get(\"http://localhost:1667/#\")\n            time.sleep(10)\n    \n            # Activate Sign in input field:\n            login = driver.find_element_by_xpath('//*[@id=\"app\"]/nav/div/ul/li[2]/a')\n            login.click()\n    \n            # Fill input fields:\n            def fill_login(mail, pw):\n                email = driver.find_element_by_xpath('//*[@id=\"app\"]//fieldset[1]/input')\n                password = driver.find_element_by_xpath('//*[@id=\"app\"]//fieldset[2]/input')\n                button = driver.find_element_by_xpath('//*[@id=\"app\"]//form/button')\n    \n                email.send_keys(mail)\n                password.send_keys(pw)\n                button.click()\n    \n            username = \"kiskakas1\"\n            fill_login(\"kiskakas1@gmail.com\", \"Kiskakas1$\")\n    \n            time.sleep(3)\n            new_article = driver.find_element_by_xpath('//*[@id=\"app\"]/nav/div/ul/li[2]/a').click()\n            time.sleep(2)\n            article_title = driver.find_element_by_xpath('//*[@id=\"app\"]//fieldset[1]/input')\n            article_about = driver.find_element_by_xpath('//*[@id=\"app\"]//fieldset[2]/input')\n            article_content = driver.find_element_by_xpath('//*[@id=\"app\"]//fieldset[3]/textarea')\n            article_tag = driver.find_element_by_xpath('//*[@id=\"app\"]//fieldset[4]//input')\n            publish_button = driver.find_element_by_xpath('//*[@id=\"app\"]//form/button')\n    \n>           os.chdir(r'E:\\conduit\\exam_masterpiece\\test.csv')\nE           FileNotFoundError: [Errno 2] No such file or directory: 'E:\\\\conduit\\\\exam_masterpiece\\\\test.csv'\n\nexam_masterpiece/test_ts4_add_database_articles.py:46: FileNotFoundError",
    "steps" : [ ],
    "attachments" : [ {
      "uid" : "26c82456b2d7b28e",
      "name" : "log",
      "source" : "26c82456b2d7b28e.txt",
      "type" : "text/plain",
      "size" : 344
    }, {
      "uid" : "bc1186f4b4021416",
      "name" : "stderr",
      "source" : "bc1186f4b4021416.txt",
      "type" : "text/plain",
      "size" : 215
    } ],
    "parameters" : [ ],
    "stepsCount" : 0,
    "attachmentsCount" : 2,
    "shouldDisplayMessage" : true,
    "hasContent" : true
  },
  "afterStages" : [ ],
  "labels" : [ {
    "name" : "parentSuite",
    "value" : "exam_masterpiece"
  }, {
    "name" : "suite",
    "value" : "test_ts4_add_database_articles"
  }, {
    "name" : "host",
    "value" : "fv-az77-953"
  }, {
    "name" : "thread",
    "value" : "3615-MainThread"
  }, {
    "name" : "framework",
    "value" : "pytest"
  }, {
    "name" : "language",
    "value" : "cpython3"
  }, {
    "name" : "package",
    "value" : "exam_masterpiece.test_ts4_add_database_articles"
  }, {
    "name" : "resultFormat",
    "value" : "allure2"
  } ],
  "parameters" : [ ],
  "links" : [ ],
  "hidden" : false,
  "retry" : false,
  "extra" : {
    "severity" : "normal",
    "retries" : [ ],
    "categories" : [ {
      "name" : "Test defects",
      "matchedStatuses" : [ ],
      "flaky" : false
    } ],
    "history" : {
      "statistic" : {
        "failed" : 0,
        "broken" : 27,
        "skipped" : 0,
        "passed" : 0,
        "unknown" : 0,
        "total" : 27
      },
      "items" : [ {
        "uid" : "b121f89ee230cb9d",
        "reportUrl" : "https://sirokeszter.github.io/conduit/21//#testresult/b121f89ee230cb9d",
        "status" : "broken",
        "statusDetails" : "FileNotFoundError: [Errno 2] No such file or directory: 'E:\\\\conduit\\\\exam_masterpiece\\\\test.csv'",
        "time" : {
          "start" : 1627284786721,
          "stop" : 1627284803613,
          "duration" : 16892
        }
      }, {
        "uid" : "aa4a2103baf089e0",
        "reportUrl" : "https://sirokeszter.github.io/conduit/21//#testresult/aa4a2103baf089e0",
        "status" : "broken",
        "statusDetails" : "selenium.common.exceptions.ElementClickInterceptedException: Message: element click intercepted: Element <a href=\"#/login\" class=\"nav-link router-link-exact-active active\" aria-current=\"page\">...</a> is not clickable at point (637, 26). Other element would receive the click: <div class=\"swal-overlay swal-overlay--show-modal\" tabindex=\"-1\">...</div>\n  (Session info: headless chrome=91.0.4472.164)",
        "time" : {
          "start" : 1627284021838,
          "stop" : 1627284037918,
          "duration" : 16080
        }
      }, {
        "uid" : "33f94f9ded0d995a",
        "reportUrl" : "https://sirokeszter.github.io/conduit/20//#testresult/33f94f9ded0d995a",
        "status" : "broken",
        "statusDetails" : "selenium.common.exceptions.ElementClickInterceptedException: Message: element click intercepted: Element <a href=\"#/login\" class=\"nav-link router-link-exact-active active\" aria-current=\"page\">...</a> is not clickable at point (637, 26). Other element would receive the click: <div class=\"swal-overlay swal-overlay--show-modal\" tabindex=\"-1\">...</div>\n  (Session info: headless chrome=91.0.4472.164)",
        "time" : {
          "start" : 1627283979260,
          "stop" : 1627283995232,
          "duration" : 15972
        }
      }, {
        "uid" : "c78879fe36b90819",
        "reportUrl" : "https://sirokeszter.github.io/conduit/19//#testresult/c78879fe36b90819",
        "status" : "broken",
        "statusDetails" : "FileNotFoundError: [Errno 2] No such file or directory: '/home/runner/work/conduit/conduit//test.csv'",
        "time" : {
          "start" : 1627281125648,
          "stop" : 1627281141599,
          "duration" : 15951
        }
      }, {
        "uid" : "e93754381f4b0c9",
        "reportUrl" : "https://sirokeszter.github.io/conduit/18//#testresult/e93754381f4b0c9",
        "status" : "broken",
        "statusDetails" : "selenium.common.exceptions.ElementClickInterceptedException: Message: element click intercepted: Element <a href=\"#/login\" class=\"nav-link router-link-exact-active active\" aria-current=\"page\">...</a> is not clickable at point (637, 26). Other element would receive the click: <div class=\"swal-overlay swal-overlay--show-modal\" tabindex=\"-1\">...</div>\n  (Session info: headless chrome=91.0.4472.164)",
        "time" : {
          "start" : 1627280939606,
          "stop" : 1627280955620,
          "duration" : 16014
        }
      }, {
        "uid" : "27b954a48f29fefa",
        "reportUrl" : "https://sirokeszter.github.io/conduit/17//#testresult/27b954a48f29fefa",
        "status" : "broken",
        "statusDetails" : "FileNotFoundError: [Errno 2] No such file or directory: 'test.csv'",
        "time" : {
          "start" : 1627280207449,
          "stop" : 1627280224442,
          "duration" : 16993
        }
      }, {
        "uid" : "cff2ef241573b79b",
        "reportUrl" : "https://sirokeszter.github.io/conduit/17//#testresult/cff2ef241573b79b",
        "status" : "broken",
        "statusDetails" : "selenium.common.exceptions.ElementClickInterceptedException: Message: element click intercepted: Element <a href=\"#/login\" class=\"nav-link router-link-exact-active active\" aria-current=\"page\">...</a> is not clickable at point (637, 26). Other element would receive the click: <div class=\"swal-overlay swal-overlay--show-modal\" tabindex=\"-1\">...</div>\n  (Session info: headless chrome=91.0.4472.164)",
        "time" : {
          "start" : 1627251401864,
          "stop" : 1627251417863,
          "duration" : 15999
        }
      }, {
        "uid" : "b045d1c006636b52",
        "reportUrl" : "https://sirokeszter.github.io/conduit/16//#testresult/b045d1c006636b52",
        "status" : "broken",
        "statusDetails" : "selenium.common.exceptions.ElementClickInterceptedException: Message: element click intercepted: Element <a href=\"#/login\" class=\"nav-link router-link-exact-active active\" aria-current=\"page\">...</a> is not clickable at point (637, 26). Other element would receive the click: <div class=\"swal-overlay swal-overlay--show-modal\" tabindex=\"-1\">...</div>\n  (Session info: headless chrome=91.0.4472.164)",
        "time" : {
          "start" : 1627251352556,
          "stop" : 1627251368551,
          "duration" : 15995
        }
      }, {
        "uid" : "cbb1345ab4cfa933",
        "reportUrl" : "https://sirokeszter.github.io/conduit/16//#testresult/cbb1345ab4cfa933",
        "status" : "broken",
        "statusDetails" : "FileNotFoundError: [Errno 2] No such file or directory: 'test.csv'",
        "time" : {
          "start" : 1627250958677,
          "stop" : 1627250975465,
          "duration" : 16788
        }
      }, {
        "uid" : "5b7fa588fcee5b7a",
        "reportUrl" : "https://sirokeszter.github.io/conduit/15//#testresult/5b7fa588fcee5b7a",
        "status" : "broken",
        "statusDetails" : "FileNotFoundError: [Errno 2] No such file or directory: 'E:/conduit/exam_masterpiece/test.csv'",
        "time" : {
          "start" : 1627250328212,
          "stop" : 1627250345094,
          "duration" : 16882
        }
      }, {
        "uid" : "72d9deecf0d156b3",
        "reportUrl" : "https://sirokeszter.github.io/conduit/12//#testresult/72d9deecf0d156b3",
        "status" : "broken",
        "statusDetails" : "selenium.common.exceptions.ElementClickInterceptedException: Message: element click intercepted: Element <a href=\"#/login\" class=\"nav-link router-link-exact-active active\" aria-current=\"page\">...</a> is not clickable at point (637, 26). Other element would receive the click: <div class=\"swal-overlay swal-overlay--show-modal\" tabindex=\"-1\">...</div>\n  (Session info: headless chrome=91.0.4472.164)",
        "time" : {
          "start" : 1627249862840,
          "stop" : 1627249878777,
          "duration" : 15937
        }
      }, {
        "uid" : "a9d6e52c77b0ef09",
        "reportUrl" : "https://sirokeszter.github.io/conduit/14//#testresult/a9d6e52c77b0ef09",
        "status" : "broken",
        "statusDetails" : "selenium.common.exceptions.ElementClickInterceptedException: Message: element click intercepted: Element <a href=\"#/login\" class=\"nav-link router-link-exact-active active\" aria-current=\"page\">...</a> is not clickable at point (637, 26). Other element would receive the click: <div class=\"swal-overlay swal-overlay--show-modal\" tabindex=\"-1\">...</div>\n  (Session info: headless chrome=91.0.4472.164)",
        "time" : {
          "start" : 1627249364815,
          "stop" : 1627249380742,
          "duration" : 15927
        }
      }, {
        "uid" : "9764b1f321314a5a",
        "reportUrl" : "https://sirokeszter.github.io/conduit/13//#testresult/9764b1f321314a5a",
        "status" : "broken",
        "statusDetails" : "FileNotFoundError: [Errno 2] No such file or directory: 'test.csv'",
        "time" : {
          "start" : 1627248730114,
          "stop" : 1627248747281,
          "duration" : 17167
        }
      }, {
        "uid" : "f196886a1fee6170",
        "reportUrl" : "https://sirokeszter.github.io/conduit/14//#testresult/f196886a1fee6170",
        "status" : "broken",
        "statusDetails" : "FileNotFoundError: [Errno 2] No such file or directory: 'E:/conduit/exam_masterpiece/test.csv'",
        "time" : {
          "start" : 1627248691041,
          "stop" : 1627248707981,
          "duration" : 16940
        }
      }, {
        "uid" : "324ba4d21e1b74d0",
        "reportUrl" : "https://sirokeszter.github.io/conduit/13//#testresult/324ba4d21e1b74d0",
        "status" : "broken",
        "statusDetails" : "FileNotFoundError: [Errno 2] No such file or directory: 'test.csv'",
        "time" : {
          "start" : 1627247775867,
          "stop" : 1627247791844,
          "duration" : 15977
        }
      }, {
        "uid" : "481b4b847354c696",
        "reportUrl" : "https://sirokeszter.github.io/conduit/12//#testresult/481b4b847354c696",
        "status" : "broken",
        "statusDetails" : "FileNotFoundError: [Errno 2] No such file or directory: 'test.csv'",
        "time" : {
          "start" : 1627247012139,
          "stop" : 1627247029083,
          "duration" : 16944
        }
      }, {
        "uid" : "72c457cd1d4d6350",
        "reportUrl" : "https://sirokeszter.github.io/conduit/11//#testresult/72c457cd1d4d6350",
        "status" : "broken",
        "statusDetails" : "FileNotFoundError: [Errno 2] No such file or directory: 'test.csv'",
        "time" : {
          "start" : 1627246008022,
          "stop" : 1627246024938,
          "duration" : 16916
        }
      }, {
        "uid" : "9a5c879a5aaed9af",
        "reportUrl" : "https://sirokeszter.github.io/conduit/10//#testresult/9a5c879a5aaed9af",
        "status" : "broken",
        "statusDetails" : "selenium.common.exceptions.ElementClickInterceptedException: Message: element click intercepted: Element <a href=\"#/login\" class=\"nav-link router-link-exact-active active\" aria-current=\"page\">...</a> is not clickable at point (637, 26). Other element would receive the click: <div class=\"swal-overlay swal-overlay--show-modal\" tabindex=\"-1\">...</div>\n  (Session info: headless chrome=91.0.4472.164)",
        "time" : {
          "start" : 1627245116146,
          "stop" : 1627245132116,
          "duration" : 15970
        }
      }, {
        "uid" : "7f1ee7b91d3c3367",
        "reportUrl" : "https://sirokeszter.github.io/conduit/9//#testresult/7f1ee7b91d3c3367",
        "status" : "broken",
        "statusDetails" : "selenium.common.exceptions.ElementClickInterceptedException: Message: element click intercepted: Element <a href=\"#/login\" class=\"nav-link router-link-exact-active active\" aria-current=\"page\">...</a> is not clickable at point (637, 26). Other element would receive the click: <div class=\"swal-overlay swal-overlay--show-modal\" tabindex=\"-1\">...</div>\n  (Session info: headless chrome=91.0.4472.164)",
        "time" : {
          "start" : 1627243228960,
          "stop" : 1627243236326,
          "duration" : 7366
        }
      }, {
        "uid" : "778799ed5320a2be",
        "reportUrl" : "https://sirokeszter.github.io/conduit/8//#testresult/778799ed5320a2be",
        "status" : "broken",
        "statusDetails" : "selenium.common.exceptions.ElementClickInterceptedException: Message: element click intercepted: Element <a href=\"#/login\" class=\"nav-link router-link-exact-active active\" aria-current=\"page\">...</a> is not clickable at point (637, 26). Other element would receive the click: <div class=\"swal-overlay swal-overlay--show-modal\" tabindex=\"-1\">...</div>\n  (Session info: headless chrome=91.0.4472.164)",
        "time" : {
          "start" : 1627242170391,
          "stop" : 1627242177643,
          "duration" : 7252
        }
      } ]
    },
    "tags" : [ ]
  },
  "source" : "c7087af591685a3f.json",
  "parameterValues" : [ ]
}