{
  "uid" : "72c457cd1d4d6350",
  "name" : "test_add_database_articles",
  "fullName" : "exam_masterpiece.test_ts4_add_database_articles#test_add_database_articles",
  "historyId" : "07fe76b1e487cb38d58a4e75b15e5047",
  "time" : {
    "start" : 1627246008022,
    "stop" : 1627246024938,
    "duration" : 16916
  },
  "status" : "broken",
  "statusMessage" : "FileNotFoundError: [Errno 2] No such file or directory: 'test.csv'",
  "statusTrace" : "def test_add_database_articles():\n    \n        from selenium import webdriver\n        from selenium.webdriver.chrome.options import Options\n        from webdriver_manager.chrome import ChromeDriverManager\n        import csv\n        import time\n        from selenium.common.exceptions import NoSuchElementException\n    \n        options = Options()\n        options.add_argument('--headless')\n        options.add_argument('--disable-gpu')\n        driver = webdriver.Chrome(ChromeDriverManager().install(), chrome_options=options)\n    \n        try:\n            driver.get(\"http://localhost:1667/#\")\n            time.sleep(10)\n    \n            # Activate Sign in input field:\n            login = driver.find_element_by_xpath('//*[@id=\"app\"]/nav/div/ul/li[2]/a')\n            login.click()\n    \n            # Fill input fields:\n            def fill_login(mail, pw):\n                email = driver.find_element_by_xpath('//*[@id=\"app\"]//fieldset[1]/input')\n                password = driver.find_element_by_xpath('//*[@id=\"app\"]//fieldset[2]/input')\n                button = driver.find_element_by_xpath('//*[@id=\"app\"]//form/button')\n    \n                email.send_keys(mail)\n                password.send_keys(pw)\n                button.click()\n    \n            username= \"kiskakas1\"\n            fill_login(\"kiskakas1@gmail.com\", \"Kiskakas1$\")\n    \n            time.sleep(3)\n            new_article = driver.find_element_by_xpath('//*[@id=\"app\"]/nav/div/ul/li[2]/a').click()\n            time.sleep(2)\n            article_title = driver.find_element_by_xpath('//*[@id=\"app\"]//fieldset[1]/input')\n            article_about = driver.find_element_by_xpath('//*[@id=\"app\"]//fieldset[2]/input')\n            article_content = driver.find_element_by_xpath('//*[@id=\"app\"]//fieldset[3]/textarea')\n            article_tag = driver.find_element_by_xpath('//*[@id=\"app\"]//fieldset[4]//input')\n            publish_button = driver.find_element_by_xpath('//*[@id=\"app\"]//form/button')\n    \n>           with open('test.csv', 'r', encoding='utf-8') as csvfile:\nE           FileNotFoundError: [Errno 2] No such file or directory: 'test.csv'\n\nexam_masterpiece/test_ts4_add_database_articles.py:45: FileNotFoundError",
  "flaky" : false,
  "newFailed" : false,
  "beforeStages" : [ ],
  "testStage" : {
    "status" : "broken",
    "statusMessage" : "FileNotFoundError: [Errno 2] No such file or directory: 'test.csv'",
    "statusTrace" : "def test_add_database_articles():\n    \n        from selenium import webdriver\n        from selenium.webdriver.chrome.options import Options\n        from webdriver_manager.chrome import ChromeDriverManager\n        import csv\n        import time\n        from selenium.common.exceptions import NoSuchElementException\n    \n        options = Options()\n        options.add_argument('--headless')\n        options.add_argument('--disable-gpu')\n        driver = webdriver.Chrome(ChromeDriverManager().install(), chrome_options=options)\n    \n        try:\n            driver.get(\"http://localhost:1667/#\")\n            time.sleep(10)\n    \n            # Activate Sign in input field:\n            login = driver.find_element_by_xpath('//*[@id=\"app\"]/nav/div/ul/li[2]/a')\n            login.click()\n    \n            # Fill input fields:\n            def fill_login(mail, pw):\n                email = driver.find_element_by_xpath('//*[@id=\"app\"]//fieldset[1]/input')\n                password = driver.find_element_by_xpath('//*[@id=\"app\"]//fieldset[2]/input')\n                button = driver.find_element_by_xpath('//*[@id=\"app\"]//form/button')\n    \n                email.send_keys(mail)\n                password.send_keys(pw)\n                button.click()\n    \n            username= \"kiskakas1\"\n            fill_login(\"kiskakas1@gmail.com\", \"Kiskakas1$\")\n    \n            time.sleep(3)\n            new_article = driver.find_element_by_xpath('//*[@id=\"app\"]/nav/div/ul/li[2]/a').click()\n            time.sleep(2)\n            article_title = driver.find_element_by_xpath('//*[@id=\"app\"]//fieldset[1]/input')\n            article_about = driver.find_element_by_xpath('//*[@id=\"app\"]//fieldset[2]/input')\n            article_content = driver.find_element_by_xpath('//*[@id=\"app\"]//fieldset[3]/textarea')\n            article_tag = driver.find_element_by_xpath('//*[@id=\"app\"]//fieldset[4]//input')\n            publish_button = driver.find_element_by_xpath('//*[@id=\"app\"]//form/button')\n    \n>           with open('test.csv', 'r', encoding='utf-8') as csvfile:\nE           FileNotFoundError: [Errno 2] No such file or directory: 'test.csv'\n\nexam_masterpiece/test_ts4_add_database_articles.py:45: FileNotFoundError",
    "steps" : [ ],
    "attachments" : [ {
      "uid" : "2d4caacf48d2bae3",
      "name" : "log",
      "source" : "2d4caacf48d2bae3.txt",
      "type" : "text/plain",
      "size" : 344
    }, {
      "uid" : "f1ec35b755873039",
      "name" : "stderr",
      "source" : "f1ec35b755873039.txt",
      "type" : "text/plain",
      "size" : 215
    } ],
    "parameters" : [ ],
    "hasContent" : true,
    "stepsCount" : 0,
    "attachmentsCount" : 2,
    "shouldDisplayMessage" : true
  },
  "afterStages" : [ ],
  "labels" : [ {
    "name" : "parentSuite",
    "value" : "exam_masterpiece"
  }, {
    "name" : "suite",
    "value" : "test_ts4_add_database_articles"
  }, {
    "name" : "host",
    "value" : "fv-az74-527"
  }, {
    "name" : "thread",
    "value" : "3614-MainThread"
  }, {
    "name" : "framework",
    "value" : "pytest"
  }, {
    "name" : "language",
    "value" : "cpython3"
  }, {
    "name" : "package",
    "value" : "exam_masterpiece.test_ts4_add_database_articles"
  }, {
    "name" : "resultFormat",
    "value" : "allure2"
  } ],
  "parameters" : [ ],
  "links" : [ ],
  "hidden" : false,
  "retry" : false,
  "extra" : {
    "severity" : "normal",
    "retries" : [ ],
    "categories" : [ {
      "name" : "Test defects",
      "matchedStatuses" : [ ],
      "flaky" : false
    } ],
    "history" : {
      "statistic" : {
        "failed" : 0,
        "broken" : 10,
        "skipped" : 0,
        "passed" : 0,
        "unknown" : 0,
        "total" : 10
      },
      "items" : [ {
        "uid" : "9a5c879a5aaed9af",
        "reportUrl" : "https://sirokeszter.github.io/conduit/10//#testresult/9a5c879a5aaed9af",
        "status" : "broken",
        "statusDetails" : "selenium.common.exceptions.ElementClickInterceptedException: Message: element click intercepted: Element <a href=\"#/login\" class=\"nav-link router-link-exact-active active\" aria-current=\"page\">...</a> is not clickable at point (637, 26). Other element would receive the click: <div class=\"swal-overlay swal-overlay--show-modal\" tabindex=\"-1\">...</div>\n  (Session info: headless chrome=91.0.4472.164)",
        "time" : {
          "start" : 1627245116146,
          "stop" : 1627245132116,
          "duration" : 15970
        }
      }, {
        "uid" : "7f1ee7b91d3c3367",
        "reportUrl" : "https://sirokeszter.github.io/conduit/9//#testresult/7f1ee7b91d3c3367",
        "status" : "broken",
        "statusDetails" : "selenium.common.exceptions.ElementClickInterceptedException: Message: element click intercepted: Element <a href=\"#/login\" class=\"nav-link router-link-exact-active active\" aria-current=\"page\">...</a> is not clickable at point (637, 26). Other element would receive the click: <div class=\"swal-overlay swal-overlay--show-modal\" tabindex=\"-1\">...</div>\n  (Session info: headless chrome=91.0.4472.164)",
        "time" : {
          "start" : 1627243228960,
          "stop" : 1627243236326,
          "duration" : 7366
        }
      }, {
        "uid" : "778799ed5320a2be",
        "reportUrl" : "https://sirokeszter.github.io/conduit/8//#testresult/778799ed5320a2be",
        "status" : "broken",
        "statusDetails" : "selenium.common.exceptions.ElementClickInterceptedException: Message: element click intercepted: Element <a href=\"#/login\" class=\"nav-link router-link-exact-active active\" aria-current=\"page\">...</a> is not clickable at point (637, 26). Other element would receive the click: <div class=\"swal-overlay swal-overlay--show-modal\" tabindex=\"-1\">...</div>\n  (Session info: headless chrome=91.0.4472.164)",
        "time" : {
          "start" : 1627242170391,
          "stop" : 1627242177643,
          "duration" : 7252
        }
      }, {
        "uid" : "37dbf2736ae0b4f0",
        "reportUrl" : "https://sirokeszter.github.io/conduit/7//#testresult/37dbf2736ae0b4f0",
        "status" : "broken",
        "statusDetails" : "selenium.common.exceptions.ElementClickInterceptedException: Message: element click intercepted: Element <a href=\"#/login\" class=\"nav-link router-link-exact-active active\" aria-current=\"page\">...</a> is not clickable at point (637, 26). Other element would receive the click: <div class=\"swal-overlay swal-overlay--show-modal\" tabindex=\"-1\">...</div>\n  (Session info: headless chrome=91.0.4472.164)",
        "time" : {
          "start" : 1627241025489,
          "stop" : 1627241032413,
          "duration" : 6924
        }
      }, {
        "uid" : "23be7edcd83f06f5",
        "reportUrl" : "https://sirokeszter.github.io/conduit/6//#testresult/23be7edcd83f06f5",
        "status" : "broken",
        "statusDetails" : "selenium.common.exceptions.NoSuchElementException: Message: no such element: Unable to locate element: {\"method\":\"xpath\",\"selector\":\"//*[@id=\"app\"]/nav/div/ul/li[2]/a\"}\n  (Session info: headless chrome=91.0.4472.164)",
        "time" : {
          "start" : 1627240519003,
          "stop" : 1627240520713,
          "duration" : 1710
        }
      }, {
        "uid" : "789f12829454507e",
        "reportUrl" : "https://sirokeszter.github.io/conduit/6//#testresult/789f12829454507e",
        "status" : "broken",
        "statusDetails" : "selenium.common.exceptions.NoSuchElementException: Message: no such element: Unable to locate element: {\"method\":\"xpath\",\"selector\":\"//*[@id=\"app\"]/nav/div/ul/li[2]/a\"}\n  (Session info: headless chrome=91.0.4472.164)",
        "time" : {
          "start" : 1627237399488,
          "stop" : 1627237401123,
          "duration" : 1635
        }
      }, {
        "uid" : "bd447bc93c1390b7",
        "reportUrl" : "https://sirokeszter.github.io/conduit/5//#testresult/bd447bc93c1390b7",
        "status" : "broken",
        "statusDetails" : "ModuleNotFoundError: No module named 'webdriver_manager'",
        "time" : {
          "start" : 1627234544039,
          "stop" : 1627234544039,
          "duration" : 0
        }
      }, {
        "uid" : "c0b3bc5cbb681202",
        "reportUrl" : "https://sirokeszter.github.io/conduit/4//#testresult/c0b3bc5cbb681202",
        "status" : "broken",
        "statusDetails" : "selenium.common.exceptions.NoSuchElementException: Message: no such element: Unable to locate element: {\"method\":\"xpath\",\"selector\":\"//*[@id=\"app\"]/nav/div/ul/li[2]/a\"}\n  (Session info: headless chrome=91.0.4472.164)",
        "time" : {
          "start" : 1627234063704,
          "stop" : 1627234065551,
          "duration" : 1847
        }
      }, {
        "uid" : "9d0282f3a030509c",
        "reportUrl" : "https://sirokeszter.github.io/conduit/3//#testresult/9d0282f3a030509c",
        "status" : "broken",
        "statusDetails" : "selenium.common.exceptions.NoSuchElementException: Message: no such element: Unable to locate element: {\"method\":\"xpath\",\"selector\":\"//*[@id=\"app\"]/nav/div/ul/li[2]/a\"}\n  (Session info: headless chrome=91.0.4472.164)",
        "time" : {
          "start" : 1627233245729,
          "stop" : 1627233247589,
          "duration" : 1860
        }
      } ]
    },
    "tags" : [ ]
  },
  "source" : "72c457cd1d4d6350.json",
  "parameterValues" : [ ]
}