{
  "uid" : "41731e74c31910c0",
  "name" : "test_modify_settings",
  "fullName" : "exam_masterpiece.test_ts7_modify_settings#test_modify_settings",
  "historyId" : "5e8b225d7e4b0050901dc4c737ac7bd7",
  "time" : {
    "start" : 1627234544057,
    "stop" : 1627234544058,
    "duration" : 1
  },
  "status" : "broken",
  "statusMessage" : "ModuleNotFoundError: No module named 'webdriver_manager'",
  "statusTrace" : "def test_modify_settings():\n        from selenium import webdriver\n        from selenium.webdriver.chrome.options import Options\n>       from webdriver_manager.chrome import ChromeDriverManager\nE       ModuleNotFoundError: No module named 'webdriver_manager'\n\nexam_masterpiece/test_ts7_modify_settings.py:4: ModuleNotFoundError",
  "flaky" : false,
  "newFailed" : false,
  "beforeStages" : [ ],
  "afterStages" : [ ],
  "labels" : [ {
    "name" : "parentSuite",
    "value" : "exam_masterpiece"
  }, {
    "name" : "suite",
    "value" : "test_ts7_modify_settings"
  }, {
    "name" : "host",
    "value" : "fv-az77-953"
  }, {
    "name" : "thread",
    "value" : "4139-MainThread"
  }, {
    "name" : "framework",
    "value" : "pytest"
  }, {
    "name" : "language",
    "value" : "cpython3"
  }, {
    "name" : "package",
    "value" : "exam_masterpiece.test_ts7_modify_settings"
  }, {
    "name" : "resultFormat",
    "value" : "allure2"
  } ],
  "parameters" : [ ],
  "links" : [ ],
  "hidden" : false,
  "retry" : false,
  "extra" : {
    "severity" : "normal",
    "retries" : [ ],
    "categories" : [ {
      "name" : "Test defects",
      "matchedStatuses" : [ ],
      "flaky" : false
    } ],
    "history" : {
      "statistic" : {
        "failed" : 0,
        "broken" : 3,
        "skipped" : 0,
        "passed" : 0,
        "unknown" : 0,
        "total" : 3
      },
      "items" : [ {
        "uid" : "e22a018fbd5373ad",
        "reportUrl" : "https://sirokeszter.github.io/conduit/4//#testresult/e22a018fbd5373ad",
        "status" : "broken",
        "statusDetails" : "selenium.common.exceptions.NoSuchElementException: Message: no such element: Unable to locate element: {\"method\":\"xpath\",\"selector\":\"//*[@id=\"app\"]/nav/div/ul/li[2]/a\"}\n  (Session info: headless chrome=91.0.4472.164)",
        "time" : {
          "start" : 1627234069576,
          "stop" : 1627234071428,
          "duration" : 1852
        }
      }, {
        "uid" : "319c1d01bbd712bf",
        "reportUrl" : "https://sirokeszter.github.io/conduit/3//#testresult/319c1d01bbd712bf",
        "status" : "broken",
        "statusDetails" : "selenium.common.exceptions.NoSuchElementException: Message: no such element: Unable to locate element: {\"method\":\"xpath\",\"selector\":\"//*[@id=\"app\"]/nav/div/ul/li[4]/a\"}\n  (Session info: headless chrome=91.0.4472.164)",
        "time" : {
          "start" : 1627233251509,
          "stop" : 1627233259715,
          "duration" : 8206
        }
      } ]
    },
    "tags" : [ ]
  },
  "source" : "41731e74c31910c0.json",
  "parameterValues" : [ ]
}