{
  "uid" : "5d389b20deabe6bb",
  "name" : "test_add_del_article",
  "fullName" : "exam_masterpiece.test_ts3_add_del_article#test_add_del_article",
  "historyId" : "145895ccc65e6410f1f2ed102c32cc17",
  "time" : {
    "start" : 1627234544033,
    "stop" : 1627234544034,
    "duration" : 1
  },
  "status" : "broken",
  "statusMessage" : "ModuleNotFoundError: No module named 'webdriver_manager'",
  "statusTrace" : "def test_add_del_article():\n        from selenium import webdriver\n        from selenium.webdriver.chrome.options import Options\n>       from webdriver_manager.chrome import ChromeDriverManager\nE       ModuleNotFoundError: No module named 'webdriver_manager'\n\nexam_masterpiece/test_ts3_add_del_article.py:4: ModuleNotFoundError",
  "flaky" : false,
  "newFailed" : false,
  "beforeStages" : [ ],
  "afterStages" : [ ],
  "labels" : [ {
    "name" : "parentSuite",
    "value" : "exam_masterpiece"
  }, {
    "name" : "suite",
    "value" : "test_ts3_add_del_article"
  }, {
    "name" : "host",
    "value" : "fv-az77-953"
  }, {
    "name" : "thread",
    "value" : "4139-MainThread"
  }, {
    "name" : "framework",
    "value" : "pytest"
  }, {
    "name" : "language",
    "value" : "cpython3"
  }, {
    "name" : "package",
    "value" : "exam_masterpiece.test_ts3_add_del_article"
  }, {
    "name" : "resultFormat",
    "value" : "allure2"
  } ],
  "parameters" : [ ],
  "links" : [ ],
  "hidden" : false,
  "retry" : false,
  "extra" : {
    "severity" : "normal",
    "retries" : [ ],
    "categories" : [ {
      "name" : "Test defects",
      "matchedStatuses" : [ ],
      "flaky" : false
    } ],
    "history" : {
      "statistic" : {
        "failed" : 0,
        "broken" : 3,
        "skipped" : 0,
        "passed" : 0,
        "unknown" : 0,
        "total" : 3
      },
      "items" : [ {
        "uid" : "b1efbffda50efbfb",
        "reportUrl" : "https://sirokeszter.github.io/conduit/4//#testresult/b1efbffda50efbfb",
        "status" : "broken",
        "statusDetails" : "selenium.common.exceptions.NoSuchElementException: Message: no such element: Unable to locate element: {\"method\":\"xpath\",\"selector\":\"//*[@id=\"app\"]/nav/div/ul/li[2]/a\"}\n  (Session info: headless chrome=91.0.4472.164)",
        "time" : {
          "start" : 1627234061719,
          "stop" : 1627234063604,
          "duration" : 1885
        }
      }, {
        "uid" : "1bf8478ed8556d46",
        "reportUrl" : "https://sirokeszter.github.io/conduit/3//#testresult/1bf8478ed8556d46",
        "status" : "broken",
        "statusDetails" : "selenium.common.exceptions.NoSuchElementException: Message: no such element: Unable to locate element: {\"method\":\"xpath\",\"selector\":\"//*[@id=\"app\"]/nav/div/ul/li[2]/a\"}\n  (Session info: headless chrome=91.0.4472.164)",
        "time" : {
          "start" : 1627233243804,
          "stop" : 1627233245629,
          "duration" : 1825
        }
      } ]
    },
    "tags" : [ ]
  },
  "source" : "5d389b20deabe6bb.json",
  "parameterValues" : [ ]
}