{
  "uid" : "8eb3c2de3aa56e43",
  "name" : "test_favorite_feed_list",
  "fullName" : "exam_masterpiece.test_ts6_favorite_feed_list#test_favorite_feed_list",
  "historyId" : "c5ddf585998a253dd573fba0dc8ccd93",
  "time" : {
    "start" : 1627234544051,
    "stop" : 1627234544051,
    "duration" : 0
  },
  "status" : "broken",
  "statusMessage" : "ModuleNotFoundError: No module named 'webdriver_manager'",
  "statusTrace" : "def test_favorite_feed_list():\n        from selenium import webdriver\n        from selenium.webdriver.chrome.options import Options\n>       from webdriver_manager.chrome import ChromeDriverManager\nE       ModuleNotFoundError: No module named 'webdriver_manager'\n\nexam_masterpiece/test_ts6_favorite_feed_list.py:4: ModuleNotFoundError",
  "flaky" : false,
  "newFailed" : false,
  "beforeStages" : [ ],
  "afterStages" : [ ],
  "labels" : [ {
    "name" : "parentSuite",
    "value" : "exam_masterpiece"
  }, {
    "name" : "suite",
    "value" : "test_ts6_favorite_feed_list"
  }, {
    "name" : "host",
    "value" : "fv-az77-953"
  }, {
    "name" : "thread",
    "value" : "4139-MainThread"
  }, {
    "name" : "framework",
    "value" : "pytest"
  }, {
    "name" : "language",
    "value" : "cpython3"
  }, {
    "name" : "package",
    "value" : "exam_masterpiece.test_ts6_favorite_feed_list"
  }, {
    "name" : "resultFormat",
    "value" : "allure2"
  } ],
  "parameters" : [ ],
  "links" : [ ],
  "hidden" : false,
  "retry" : false,
  "extra" : {
    "severity" : "normal",
    "retries" : [ ],
    "categories" : [ {
      "name" : "Test defects",
      "matchedStatuses" : [ ],
      "flaky" : false
    } ],
    "history" : {
      "statistic" : {
        "failed" : 0,
        "broken" : 3,
        "skipped" : 0,
        "passed" : 0,
        "unknown" : 0,
        "total" : 3
      },
      "items" : [ {
        "uid" : "57cd7d445b6fe940",
        "reportUrl" : "https://sirokeszter.github.io/conduit/4//#testresult/57cd7d445b6fe940",
        "status" : "broken",
        "statusDetails" : "selenium.common.exceptions.NoSuchElementException: Message: no such element: Unable to locate element: {\"method\":\"xpath\",\"selector\":\"//*[@id=\"app\"]/nav/div/ul/li[2]/a\"}\n  (Session info: headless chrome=91.0.4472.164)",
        "time" : {
          "start" : 1627234067608,
          "stop" : 1627234069461,
          "duration" : 1853
        }
      }, {
        "uid" : "12bad52728bc60fd",
        "reportUrl" : "https://sirokeszter.github.io/conduit/3//#testresult/12bad52728bc60fd",
        "status" : "broken",
        "statusDetails" : "selenium.common.exceptions.NoSuchElementException: Message: no such element: Unable to locate element: {\"method\":\"xpath\",\"selector\":\"//*[@id=\"app\"]/nav/div/ul/li[2]/a\"}\n  (Session info: headless chrome=91.0.4472.164)",
        "time" : {
          "start" : 1627233249617,
          "stop" : 1627233251425,
          "duration" : 1808
        }
      } ]
    },
    "tags" : [ ]
  },
  "source" : "8eb3c2de3aa56e43.json",
  "parameterValues" : [ ]
}