{
  "uid" : "bd447bc93c1390b7",
  "name" : "test_add_database_articles",
  "fullName" : "exam_masterpiece.test_ts4_add_database_articles#test_add_database_articles",
  "historyId" : "07fe76b1e487cb38d58a4e75b15e5047",
  "time" : {
    "start" : 1627234544039,
    "stop" : 1627234544039,
    "duration" : 0
  },
  "status" : "broken",
  "statusMessage" : "ModuleNotFoundError: No module named 'webdriver_manager'",
  "statusTrace" : "def test_add_database_articles():\n    \n        from selenium import webdriver\n        from selenium.webdriver.chrome.options import Options\n>       from webdriver_manager.chrome import ChromeDriverManager\nE       ModuleNotFoundError: No module named 'webdriver_manager'\n\nexam_masterpiece/test_ts4_add_database_articles.py:5: ModuleNotFoundError",
  "flaky" : false,
  "newFailed" : false,
  "beforeStages" : [ ],
  "afterStages" : [ ],
  "labels" : [ {
    "name" : "parentSuite",
    "value" : "exam_masterpiece"
  }, {
    "name" : "suite",
    "value" : "test_ts4_add_database_articles"
  }, {
    "name" : "host",
    "value" : "fv-az77-953"
  }, {
    "name" : "thread",
    "value" : "4139-MainThread"
  }, {
    "name" : "framework",
    "value" : "pytest"
  }, {
    "name" : "language",
    "value" : "cpython3"
  }, {
    "name" : "package",
    "value" : "exam_masterpiece.test_ts4_add_database_articles"
  }, {
    "name" : "resultFormat",
    "value" : "allure2"
  } ],
  "parameters" : [ ],
  "links" : [ ],
  "hidden" : false,
  "retry" : false,
  "extra" : {
    "severity" : "normal",
    "retries" : [ ],
    "categories" : [ {
      "name" : "Test defects",
      "matchedStatuses" : [ ],
      "flaky" : false
    } ],
    "history" : {
      "statistic" : {
        "failed" : 0,
        "broken" : 3,
        "skipped" : 0,
        "passed" : 0,
        "unknown" : 0,
        "total" : 3
      },
      "items" : [ {
        "uid" : "c0b3bc5cbb681202",
        "reportUrl" : "https://sirokeszter.github.io/conduit/4//#testresult/c0b3bc5cbb681202",
        "status" : "broken",
        "statusDetails" : "selenium.common.exceptions.NoSuchElementException: Message: no such element: Unable to locate element: {\"method\":\"xpath\",\"selector\":\"//*[@id=\"app\"]/nav/div/ul/li[2]/a\"}\n  (Session info: headless chrome=91.0.4472.164)",
        "time" : {
          "start" : 1627234063704,
          "stop" : 1627234065551,
          "duration" : 1847
        }
      }, {
        "uid" : "9d0282f3a030509c",
        "reportUrl" : "https://sirokeszter.github.io/conduit/3//#testresult/9d0282f3a030509c",
        "status" : "broken",
        "statusDetails" : "selenium.common.exceptions.NoSuchElementException: Message: no such element: Unable to locate element: {\"method\":\"xpath\",\"selector\":\"//*[@id=\"app\"]/nav/div/ul/li[2]/a\"}\n  (Session info: headless chrome=91.0.4472.164)",
        "time" : {
          "start" : 1627233245729,
          "stop" : 1627233247589,
          "duration" : 1860
        }
      } ]
    },
    "tags" : [ ]
  },
  "source" : "bd447bc93c1390b7.json",
  "parameterValues" : [ ]
}