{
  "uid" : "dbea41e367acfc69",
  "name" : "test_paging_feedlist",
  "fullName" : "exam_masterpiece.test_ts5_paging_feedlist#test_paging_feedlist",
  "historyId" : "d5930bb692116c72e798cf3eaa7c5391",
  "time" : {
    "start" : 1627234544045,
    "stop" : 1627234544045,
    "duration" : 0
  },
  "status" : "broken",
  "statusMessage" : "ModuleNotFoundError: No module named 'webdriver_manager'",
  "statusTrace" : "def test_paging_feedlist():\n        from selenium import webdriver\n        from selenium.webdriver.chrome.options import Options\n>       from webdriver_manager.chrome import ChromeDriverManager\nE       ModuleNotFoundError: No module named 'webdriver_manager'\n\nexam_masterpiece/test_ts5_paging_feedlist.py:4: ModuleNotFoundError",
  "flaky" : false,
  "newFailed" : false,
  "beforeStages" : [ ],
  "afterStages" : [ ],
  "labels" : [ {
    "name" : "parentSuite",
    "value" : "exam_masterpiece"
  }, {
    "name" : "suite",
    "value" : "test_ts5_paging_feedlist"
  }, {
    "name" : "host",
    "value" : "fv-az77-953"
  }, {
    "name" : "thread",
    "value" : "4139-MainThread"
  }, {
    "name" : "framework",
    "value" : "pytest"
  }, {
    "name" : "language",
    "value" : "cpython3"
  }, {
    "name" : "package",
    "value" : "exam_masterpiece.test_ts5_paging_feedlist"
  }, {
    "name" : "resultFormat",
    "value" : "allure2"
  } ],
  "parameters" : [ ],
  "links" : [ ],
  "hidden" : false,
  "retry" : false,
  "extra" : {
    "severity" : "normal",
    "retries" : [ ],
    "categories" : [ {
      "name" : "Test defects",
      "matchedStatuses" : [ ],
      "flaky" : false
    } ],
    "history" : {
      "statistic" : {
        "failed" : 0,
        "broken" : 3,
        "skipped" : 0,
        "passed" : 0,
        "unknown" : 0,
        "total" : 3
      },
      "items" : [ {
        "uid" : "10fa567abaf6b222",
        "reportUrl" : "https://sirokeszter.github.io/conduit/4//#testresult/10fa567abaf6b222",
        "status" : "broken",
        "statusDetails" : "selenium.common.exceptions.NoSuchElementException: Message: no such element: Unable to locate element: {\"method\":\"xpath\",\"selector\":\"//*[@id=\"app\"]/nav/div/ul/li[2]/a\"}\n  (Session info: headless chrome=91.0.4472.164)",
        "time" : {
          "start" : 1627234065635,
          "stop" : 1627234067513,
          "duration" : 1878
        }
      }, {
        "uid" : "83519d39a515ce1f",
        "reportUrl" : "https://sirokeszter.github.io/conduit/3//#testresult/83519d39a515ce1f",
        "status" : "broken",
        "statusDetails" : "selenium.common.exceptions.NoSuchElementException: Message: no such element: Unable to locate element: {\"method\":\"xpath\",\"selector\":\"//*[@id=\"app\"]/nav/div/ul/li[2]/a\"}\n  (Session info: headless chrome=91.0.4472.164)",
        "time" : {
          "start" : 1627233247681,
          "stop" : 1627233249497,
          "duration" : 1816
        }
      } ]
    },
    "tags" : [ ]
  },
  "source" : "dbea41e367acfc69.json",
  "parameterValues" : [ ]
}