{
  "uid" : "f0287dd5e852d5c8",
  "name" : "test_registration",
  "fullName" : "exam_masterpiece.test_ts1_registration#test_registration",
  "historyId" : "3a9b84cec3bf072b20d32185ba372316",
  "time" : {
    "start" : 1627234544022,
    "stop" : 1627234544023,
    "duration" : 1
  },
  "status" : "broken",
  "statusMessage" : "ModuleNotFoundError: No module named 'webdriver_manager'",
  "statusTrace" : "def test_registration():\n        from selenium import webdriver\n        from selenium.webdriver.chrome.options import Options\n>       from webdriver_manager.chrome import ChromeDriverManager\nE       ModuleNotFoundError: No module named 'webdriver_manager'\n\nexam_masterpiece/test_ts1_registration.py:4: ModuleNotFoundError",
  "flaky" : false,
  "newFailed" : false,
  "beforeStages" : [ ],
  "afterStages" : [ ],
  "labels" : [ {
    "name" : "parentSuite",
    "value" : "exam_masterpiece"
  }, {
    "name" : "suite",
    "value" : "test_ts1_registration"
  }, {
    "name" : "host",
    "value" : "fv-az77-953"
  }, {
    "name" : "thread",
    "value" : "4139-MainThread"
  }, {
    "name" : "framework",
    "value" : "pytest"
  }, {
    "name" : "language",
    "value" : "cpython3"
  }, {
    "name" : "package",
    "value" : "exam_masterpiece.test_ts1_registration"
  }, {
    "name" : "resultFormat",
    "value" : "allure2"
  } ],
  "parameters" : [ ],
  "links" : [ ],
  "hidden" : false,
  "retry" : false,
  "extra" : {
    "severity" : "normal",
    "retries" : [ ],
    "categories" : [ {
      "name" : "Test defects",
      "matchedStatuses" : [ ],
      "flaky" : false
    } ],
    "history" : {
      "statistic" : {
        "failed" : 0,
        "broken" : 3,
        "skipped" : 0,
        "passed" : 0,
        "unknown" : 0,
        "total" : 3
      },
      "items" : [ {
        "uid" : "7c59a4ac653c022d",
        "reportUrl" : "https://sirokeszter.github.io/conduit/4//#testresult/7c59a4ac653c022d",
        "status" : "broken",
        "statusDetails" : "selenium.common.exceptions.NoSuchElementException: Message: no such element: Unable to locate element: {\"method\":\"xpath\",\"selector\":\"//*[@id=\"app\"]/nav/div/ul/li[3]\"}\n  (Session info: headless chrome=91.0.4472.164)",
        "time" : {
          "start" : 1627234057631,
          "stop" : 1627234059614,
          "duration" : 1983
        }
      }, {
        "uid" : "33eb3f2291837763",
        "reportUrl" : "https://sirokeszter.github.io/conduit/3//#testresult/33eb3f2291837763",
        "status" : "broken",
        "statusDetails" : "selenium.common.exceptions.NoSuchElementException: Message: no such element: Unable to locate element: {\"method\":\"xpath\",\"selector\":\"//*[@id=\"app\"]/nav/div/ul/li[3]\"}\n  (Session info: headless chrome=91.0.4472.164)",
        "time" : {
          "start" : 1627233239736,
          "stop" : 1627233241647,
          "duration" : 1911
        }
      } ]
    },
    "tags" : [ ]
  },
  "source" : "f0287dd5e852d5c8.json",
  "parameterValues" : [ ]
}