{
  "uid" : "fc658a8905827c5d",
  "name" : "test_login",
  "fullName" : "exam_masterpiece.test_ts2_login#test_login",
  "historyId" : "c56c6b258f439b04b8878255e2b31c90",
  "time" : {
    "start" : 1627234544029,
    "stop" : 1627234544029,
    "duration" : 0
  },
  "status" : "broken",
  "statusMessage" : "ModuleNotFoundError: No module named 'webdriver_manager'",
  "statusTrace" : "def test_login():\n        from selenium import webdriver\n        from selenium.webdriver.chrome.options import Options\n>       from webdriver_manager.chrome import ChromeDriverManager\nE       ModuleNotFoundError: No module named 'webdriver_manager'\n\nexam_masterpiece/test_ts2_login.py:4: ModuleNotFoundError",
  "flaky" : false,
  "newFailed" : false,
  "beforeStages" : [ ],
  "afterStages" : [ ],
  "labels" : [ {
    "name" : "parentSuite",
    "value" : "exam_masterpiece"
  }, {
    "name" : "suite",
    "value" : "test_ts2_login"
  }, {
    "name" : "host",
    "value" : "fv-az77-953"
  }, {
    "name" : "thread",
    "value" : "4139-MainThread"
  }, {
    "name" : "framework",
    "value" : "pytest"
  }, {
    "name" : "language",
    "value" : "cpython3"
  }, {
    "name" : "package",
    "value" : "exam_masterpiece.test_ts2_login"
  }, {
    "name" : "resultFormat",
    "value" : "allure2"
  } ],
  "parameters" : [ ],
  "links" : [ ],
  "hidden" : false,
  "retry" : false,
  "extra" : {
    "severity" : "normal",
    "retries" : [ ],
    "categories" : [ {
      "name" : "Test defects",
      "matchedStatuses" : [ ],
      "flaky" : false
    } ],
    "history" : {
      "statistic" : {
        "failed" : 0,
        "broken" : 3,
        "skipped" : 0,
        "passed" : 0,
        "unknown" : 0,
        "total" : 3
      },
      "items" : [ {
        "uid" : "47b3988c58ea1a4",
        "reportUrl" : "https://sirokeszter.github.io/conduit/4//#testresult/47b3988c58ea1a4",
        "status" : "broken",
        "statusDetails" : "selenium.common.exceptions.NoSuchElementException: Message: no such element: Unable to locate element: {\"method\":\"xpath\",\"selector\":\"//*[@id=\"app\"]/nav/div/ul/li[2]/a\"}\n  (Session info: headless chrome=91.0.4472.164)",
        "time" : {
          "start" : 1627234059724,
          "stop" : 1627234061617,
          "duration" : 1893
        }
      }, {
        "uid" : "8bd0b7e93741ed17",
        "reportUrl" : "https://sirokeszter.github.io/conduit/3//#testresult/8bd0b7e93741ed17",
        "status" : "broken",
        "statusDetails" : "selenium.common.exceptions.NoSuchElementException: Message: no such element: Unable to locate element: {\"method\":\"xpath\",\"selector\":\"//*[@id=\"app\"]/nav/div/ul/li[2]/a\"}\n  (Session info: headless chrome=91.0.4472.164)",
        "time" : {
          "start" : 1627233241732,
          "stop" : 1627233243721,
          "duration" : 1989
        }
      } ]
    },
    "tags" : [ ]
  },
  "source" : "fc658a8905827c5d.json",
  "parameterValues" : [ ]
}