{
  "uid" : "27c736d0b617c951",
  "name" : "test_add_database_articles",
  "fullName" : "exam_masterpiece.test_ts4_add_database_articles#test_add_database_articles",
  "historyId" : "07fe76b1e487cb38d58a4e75b15e5047",
  "time" : {
    "start" : 1628167569849,
    "stop" : 1628167593610,
    "duration" : 23761
  },
  "status" : "failed",
  "statusMessage" : "AssertionError: assert 2 == 3\n +  where 3 = len(['Kakasmese', 'Anyám tyúkja', 'Apám kakasa'])",
  "statusTrace" : "def test_add_database_articles():\n        import csv\n        from selenium import webdriver\n        from selenium.webdriver.chrome.options import Options\n        from webdriver_manager.chrome import ChromeDriverManager\n        import time\n        from selenium.common.exceptions import NoSuchElementException\n    \n        options = Options()\n        options.add_argument('--headless')\n        options.add_argument('--disable-gpu')\n        driver = webdriver.Chrome(ChromeDriverManager().install(), chrome_options=options)\n    \n        try:\n            driver.get(\"http://localhost:1667/#\")\n            time.sleep(6)\n    \n            # Activate Sign in input field:\n            login = driver.find_element_by_xpath('//a[@href=\"#/login\"]')\n            login.click()\n    \n            # Fill input fields:\n            def fill_login(mail, pw):\n                email = driver.find_element_by_xpath('//*[@id=\"app\"]//fieldset[1]/input')\n                password = driver.find_element_by_xpath('//*[@id=\"app\"]//fieldset[2]/input')\n                button = driver.find_element_by_xpath('//*[@id=\"app\"]//form/button')\n    \n                email.send_keys(mail)\n                password.send_keys(pw)\n                button.click()\n    \n            username = \"kiskakas1\"\n            fill_login(\"kiskakas1@gmail.com\", \"Kiskakas1$\")\n    \n            time.sleep(3)\n            new_article = driver.find_element_by_xpath('//a[@href=\"#/editor\"]').click()\n            time.sleep(2)\n            article_title = driver.find_element_by_xpath('//*[@id=\"app\"]//fieldset[1]/input')\n            article_about = driver.find_element_by_xpath('//*[@id=\"app\"]//fieldset[2]/input')\n            article_content = driver.find_element_by_xpath('//*[@id=\"app\"]//fieldset[3]/textarea')\n            article_tag = driver.find_element_by_xpath('//*[@id=\"app\"]//fieldset[4]//input')\n            publish_button = driver.find_element_by_xpath('//*[@id=\"app\"]//form/button')\n    \n            with open('./test.csv', 'r', encoding='utf-8') as csvfile:\n                csvreader = csv.reader(csvfile, delimiter=',')\n                for row in csvreader:\n                    article_title.send_keys(row[0])\n                    article_about.send_keys(row[1])\n                    article_content.send_keys(row[2])\n                    article_tag.send_keys(row[3])\n                    publish_button.click()\n                    time.sleep(2)\n                    driver.find_element_by_xpath('//a[@href=\"#/editor\"]').click()\n                    time.sleep(1)\n    \n            # Comparing the imported data from csv with the new posts' data:\n            user_feeds = driver.find_element_by_xpath(f'//a[@href=\"#/@{username}/\"]').click()\n            time.sleep(2)\n    \n            feed_title_list = []\n            page_count = 1\n    \n            while True:\n                time.sleep(2)\n                feed_titles = driver.find_elements_by_tag_name('h1')\n                for title in feed_titles:\n                    feed_title_list.append(title.text)\n    \n                try:\n                    page_count += 1\n                    driver.find_element_by_link_text(str(page_count)).click()\n                except NoSuchElementException:\n                    # Stop loop if no more page available\n                    break\n    \n            print(feed_title_list)\n    \n            # Create a list from the feed's titles in csv:\n            csv_title_count = 0\n            with open('./test.csv', 'r', encoding='utf-8') as csvfile:\n                csvreader = csv.reader(csvfile, delimiter=',')\n                for row in csvreader:\n                    csv_title_count += 1\n    \n            print(csv_title_count)\n    \n            # Checking assertion by number of rows:\n>           assert csv_title_count == len(feed_title_list)\nE           AssertionError: assert 2 == 3\nE            +  where 3 = len(['Kakasmese', 'Anyám tyúkja', 'Apám kakasa'])\n\nexam_masterpiece/test_ts4_add_database_articles.py:88: AssertionError",
  "flaky" : false,
  "newFailed" : true,
  "beforeStages" : [ ],
  "testStage" : {
    "status" : "failed",
    "statusMessage" : "AssertionError: assert 2 == 3\n +  where 3 = len(['Kakasmese', 'Anyám tyúkja', 'Apám kakasa'])",
    "statusTrace" : "def test_add_database_articles():\n        import csv\n        from selenium import webdriver\n        from selenium.webdriver.chrome.options import Options\n        from webdriver_manager.chrome import ChromeDriverManager\n        import time\n        from selenium.common.exceptions import NoSuchElementException\n    \n        options = Options()\n        options.add_argument('--headless')\n        options.add_argument('--disable-gpu')\n        driver = webdriver.Chrome(ChromeDriverManager().install(), chrome_options=options)\n    \n        try:\n            driver.get(\"http://localhost:1667/#\")\n            time.sleep(6)\n    \n            # Activate Sign in input field:\n            login = driver.find_element_by_xpath('//a[@href=\"#/login\"]')\n            login.click()\n    \n            # Fill input fields:\n            def fill_login(mail, pw):\n                email = driver.find_element_by_xpath('//*[@id=\"app\"]//fieldset[1]/input')\n                password = driver.find_element_by_xpath('//*[@id=\"app\"]//fieldset[2]/input')\n                button = driver.find_element_by_xpath('//*[@id=\"app\"]//form/button')\n    \n                email.send_keys(mail)\n                password.send_keys(pw)\n                button.click()\n    \n            username = \"kiskakas1\"\n            fill_login(\"kiskakas1@gmail.com\", \"Kiskakas1$\")\n    \n            time.sleep(3)\n            new_article = driver.find_element_by_xpath('//a[@href=\"#/editor\"]').click()\n            time.sleep(2)\n            article_title = driver.find_element_by_xpath('//*[@id=\"app\"]//fieldset[1]/input')\n            article_about = driver.find_element_by_xpath('//*[@id=\"app\"]//fieldset[2]/input')\n            article_content = driver.find_element_by_xpath('//*[@id=\"app\"]//fieldset[3]/textarea')\n            article_tag = driver.find_element_by_xpath('//*[@id=\"app\"]//fieldset[4]//input')\n            publish_button = driver.find_element_by_xpath('//*[@id=\"app\"]//form/button')\n    \n            with open('./test.csv', 'r', encoding='utf-8') as csvfile:\n                csvreader = csv.reader(csvfile, delimiter=',')\n                for row in csvreader:\n                    article_title.send_keys(row[0])\n                    article_about.send_keys(row[1])\n                    article_content.send_keys(row[2])\n                    article_tag.send_keys(row[3])\n                    publish_button.click()\n                    time.sleep(2)\n                    driver.find_element_by_xpath('//a[@href=\"#/editor\"]').click()\n                    time.sleep(1)\n    \n            # Comparing the imported data from csv with the new posts' data:\n            user_feeds = driver.find_element_by_xpath(f'//a[@href=\"#/@{username}/\"]').click()\n            time.sleep(2)\n    \n            feed_title_list = []\n            page_count = 1\n    \n            while True:\n                time.sleep(2)\n                feed_titles = driver.find_elements_by_tag_name('h1')\n                for title in feed_titles:\n                    feed_title_list.append(title.text)\n    \n                try:\n                    page_count += 1\n                    driver.find_element_by_link_text(str(page_count)).click()\n                except NoSuchElementException:\n                    # Stop loop if no more page available\n                    break\n    \n            print(feed_title_list)\n    \n            # Create a list from the feed's titles in csv:\n            csv_title_count = 0\n            with open('./test.csv', 'r', encoding='utf-8') as csvfile:\n                csvreader = csv.reader(csvfile, delimiter=',')\n                for row in csvreader:\n                    csv_title_count += 1\n    \n            print(csv_title_count)\n    \n            # Checking assertion by number of rows:\n>           assert csv_title_count == len(feed_title_list)\nE           AssertionError: assert 2 == 3\nE            +  where 3 = len(['Kakasmese', 'Anyám tyúkja', 'Apám kakasa'])\n\nexam_masterpiece/test_ts4_add_database_articles.py:88: AssertionError",
    "steps" : [ ],
    "attachments" : [ {
      "uid" : "b1cdbaae288ffccd",
      "name" : "log",
      "source" : "b1cdbaae288ffccd.txt",
      "type" : "text/plain",
      "size" : 344
    }, {
      "uid" : "7e2dba8544dc074d",
      "name" : "stdout",
      "source" : "7e2dba8544dc074d.txt",
      "type" : "text/plain",
      "size" : 50
    }, {
      "uid" : "81dcb96752415910",
      "name" : "stderr",
      "source" : "81dcb96752415910.txt",
      "type" : "text/plain",
      "size" : 215
    } ],
    "parameters" : [ ],
    "stepsCount" : 0,
    "attachmentsCount" : 3,
    "shouldDisplayMessage" : true,
    "hasContent" : true
  },
  "afterStages" : [ ],
  "labels" : [ {
    "name" : "parentSuite",
    "value" : "exam_masterpiece"
  }, {
    "name" : "suite",
    "value" : "test_ts4_add_database_articles"
  }, {
    "name" : "host",
    "value" : "fv-az28-873"
  }, {
    "name" : "thread",
    "value" : "3851-MainThread"
  }, {
    "name" : "framework",
    "value" : "pytest"
  }, {
    "name" : "language",
    "value" : "cpython3"
  }, {
    "name" : "package",
    "value" : "exam_masterpiece.test_ts4_add_database_articles"
  }, {
    "name" : "resultFormat",
    "value" : "allure2"
  } ],
  "parameters" : [ ],
  "links" : [ ],
  "hidden" : false,
  "retry" : false,
  "extra" : {
    "severity" : "normal",
    "retries" : [ ],
    "categories" : [ {
      "name" : "Product defects",
      "matchedStatuses" : [ ],
      "flaky" : false
    } ],
    "history" : {
      "statistic" : {
        "failed" : 1,
        "broken" : 36,
        "skipped" : 0,
        "passed" : 2,
        "unknown" : 0,
        "total" : 39
      },
      "items" : [ {
        "uid" : "950242494c51c329",
        "reportUrl" : "https://sirokeszter.github.io/conduit/32//#testresult/950242494c51c329",
        "status" : "passed",
        "time" : {
          "start" : 1627332265416,
          "stop" : 1627332293322,
          "duration" : 27906
        }
      }, {
        "uid" : "284af40056072114",
        "reportUrl" : "https://sirokeszter.github.io/conduit/31//#testresult/284af40056072114",
        "status" : "passed",
        "time" : {
          "start" : 1627329299663,
          "stop" : 1627329327735,
          "duration" : 28072
        }
      }, {
        "uid" : "7dd7aea411fd08f9",
        "reportUrl" : "https://sirokeszter.github.io/conduit/30//#testresult/7dd7aea411fd08f9",
        "status" : "broken",
        "statusDetails" : "FileNotFoundError: [Errno 2] No such file or directory: '\\\\content\\\\drive\\\\MyDrive\\\\test.csv'",
        "time" : {
          "start" : 1627327698346,
          "stop" : 1627327715358,
          "duration" : 17012
        }
      }, {
        "uid" : "f2d7c55f58d6b63a",
        "reportUrl" : "https://sirokeszter.github.io/conduit/30//#testresult/f2d7c55f58d6b63a",
        "status" : "broken",
        "statusDetails" : "FileNotFoundError: [Errno 2] No such file or directory: '\\\\content\\\\drive\\\\MyDrive\\\\test.csv'",
        "time" : {
          "start" : 1627307945299,
          "stop" : 1627307962400,
          "duration" : 17101
        }
      }, {
        "uid" : "34d85273100132f5",
        "reportUrl" : "https://sirokeszter.github.io/conduit/29//#testresult/34d85273100132f5",
        "status" : "broken",
        "statusDetails" : "FileNotFoundError: [Errno 2] No such file or directory: '/content/drive/MyDrive/test.csv'",
        "time" : {
          "start" : 1627307353531,
          "stop" : 1627307353531,
          "duration" : 0
        }
      }, {
        "uid" : "39902ab0a2194658",
        "reportUrl" : "https://sirokeszter.github.io/conduit/27//#testresult/39902ab0a2194658",
        "status" : "broken",
        "statusDetails" : "FileNotFoundError: [Errno 2] No such file or directory: 'E:\\\\conduit\\\\exam_masterpiece\\test.csv'",
        "time" : {
          "start" : 1627306054274,
          "stop" : 1627306071165,
          "duration" : 16891
        }
      }, {
        "uid" : "a0c7899fcfeeaf93",
        "reportUrl" : "https://sirokeszter.github.io/conduit/28//#testresult/a0c7899fcfeeaf93",
        "status" : "broken",
        "statusDetails" : "FileNotFoundError: [Errno 2] No such file or directory: 'E:\\\\conduit\\\\exam_masterpiece\\test.csv'",
        "time" : {
          "start" : 1627305998939,
          "stop" : 1627306015887,
          "duration" : 16948
        }
      }, {
        "uid" : "1d6f3226a917589d",
        "reportUrl" : "https://sirokeszter.github.io/conduit/26//#testresult/1d6f3226a917589d",
        "status" : "broken",
        "statusDetails" : "FileNotFoundError: [Errno 2] No such file or directory: 'E:\\\\conduit\\\\exam_masterpiece'",
        "time" : {
          "start" : 1627304805272,
          "stop" : 1627304822277,
          "duration" : 17005
        }
      }, {
        "uid" : "725470d9f40f88c1",
        "reportUrl" : "https://sirokeszter.github.io/conduit/25//#testresult/725470d9f40f88c1",
        "status" : "broken",
        "statusDetails" : "FileNotFoundError: [Errno 2] No such file or directory: 'E:\\\\conduit\\\\exam_masterpiece'",
        "time" : {
          "start" : 1627304542772,
          "stop" : 1627304559791,
          "duration" : 17019
        }
      }, {
        "uid" : "6e4c56c81c789d2",
        "reportUrl" : "https://sirokeszter.github.io/conduit/24//#testresult/6e4c56c81c789d2",
        "status" : "broken",
        "statusDetails" : "FileNotFoundError: [Errno 2] No such file or directory: 'E:\\\\conduit\\\\exam_masterpiece'",
        "time" : {
          "start" : 1627287078075,
          "stop" : 1627287095164,
          "duration" : 17089
        }
      }, {
        "uid" : "a7a1f03d9a46f036",
        "reportUrl" : "https://sirokeszter.github.io/conduit/23//#testresult/a7a1f03d9a46f036",
        "status" : "broken",
        "statusDetails" : "selenium.common.exceptions.ElementClickInterceptedException: Message: element click intercepted: Element <a href=\"#/login\" class=\"nav-link router-link-exact-active active\" aria-current=\"page\">...</a> is not clickable at point (637, 26). Other element would receive the click: <div class=\"swal-overlay swal-overlay--show-modal\" tabindex=\"-1\">...</div>\n  (Session info: headless chrome=91.0.4472.164)",
        "time" : {
          "start" : 1627286580628,
          "stop" : 1627286596574,
          "duration" : 15946
        }
      }, {
        "uid" : "c7087af591685a3f",
        "reportUrl" : "https://sirokeszter.github.io/conduit/22//#testresult/c7087af591685a3f",
        "status" : "broken",
        "statusDetails" : "FileNotFoundError: [Errno 2] No such file or directory: 'E:\\\\conduit\\\\exam_masterpiece\\\\test.csv'",
        "time" : {
          "start" : 1627285629805,
          "stop" : 1627285646697,
          "duration" : 16892
        }
      }, {
        "uid" : "b121f89ee230cb9d",
        "reportUrl" : "https://sirokeszter.github.io/conduit/21//#testresult/b121f89ee230cb9d",
        "status" : "broken",
        "statusDetails" : "FileNotFoundError: [Errno 2] No such file or directory: 'E:\\\\conduit\\\\exam_masterpiece\\\\test.csv'",
        "time" : {
          "start" : 1627284786721,
          "stop" : 1627284803613,
          "duration" : 16892
        }
      }, {
        "uid" : "aa4a2103baf089e0",
        "reportUrl" : "https://sirokeszter.github.io/conduit/21//#testresult/aa4a2103baf089e0",
        "status" : "broken",
        "statusDetails" : "selenium.common.exceptions.ElementClickInterceptedException: Message: element click intercepted: Element <a href=\"#/login\" class=\"nav-link router-link-exact-active active\" aria-current=\"page\">...</a> is not clickable at point (637, 26). Other element would receive the click: <div class=\"swal-overlay swal-overlay--show-modal\" tabindex=\"-1\">...</div>\n  (Session info: headless chrome=91.0.4472.164)",
        "time" : {
          "start" : 1627284021838,
          "stop" : 1627284037918,
          "duration" : 16080
        }
      }, {
        "uid" : "33f94f9ded0d995a",
        "reportUrl" : "https://sirokeszter.github.io/conduit/20//#testresult/33f94f9ded0d995a",
        "status" : "broken",
        "statusDetails" : "selenium.common.exceptions.ElementClickInterceptedException: Message: element click intercepted: Element <a href=\"#/login\" class=\"nav-link router-link-exact-active active\" aria-current=\"page\">...</a> is not clickable at point (637, 26). Other element would receive the click: <div class=\"swal-overlay swal-overlay--show-modal\" tabindex=\"-1\">...</div>\n  (Session info: headless chrome=91.0.4472.164)",
        "time" : {
          "start" : 1627283979260,
          "stop" : 1627283995232,
          "duration" : 15972
        }
      }, {
        "uid" : "c78879fe36b90819",
        "reportUrl" : "https://sirokeszter.github.io/conduit/19//#testresult/c78879fe36b90819",
        "status" : "broken",
        "statusDetails" : "FileNotFoundError: [Errno 2] No such file or directory: '/home/runner/work/conduit/conduit//test.csv'",
        "time" : {
          "start" : 1627281125648,
          "stop" : 1627281141599,
          "duration" : 15951
        }
      }, {
        "uid" : "e93754381f4b0c9",
        "reportUrl" : "https://sirokeszter.github.io/conduit/18//#testresult/e93754381f4b0c9",
        "status" : "broken",
        "statusDetails" : "selenium.common.exceptions.ElementClickInterceptedException: Message: element click intercepted: Element <a href=\"#/login\" class=\"nav-link router-link-exact-active active\" aria-current=\"page\">...</a> is not clickable at point (637, 26). Other element would receive the click: <div class=\"swal-overlay swal-overlay--show-modal\" tabindex=\"-1\">...</div>\n  (Session info: headless chrome=91.0.4472.164)",
        "time" : {
          "start" : 1627280939606,
          "stop" : 1627280955620,
          "duration" : 16014
        }
      }, {
        "uid" : "27b954a48f29fefa",
        "reportUrl" : "https://sirokeszter.github.io/conduit/17//#testresult/27b954a48f29fefa",
        "status" : "broken",
        "statusDetails" : "FileNotFoundError: [Errno 2] No such file or directory: 'test.csv'",
        "time" : {
          "start" : 1627280207449,
          "stop" : 1627280224442,
          "duration" : 16993
        }
      }, {
        "uid" : "cff2ef241573b79b",
        "reportUrl" : "https://sirokeszter.github.io/conduit/17//#testresult/cff2ef241573b79b",
        "status" : "broken",
        "statusDetails" : "selenium.common.exceptions.ElementClickInterceptedException: Message: element click intercepted: Element <a href=\"#/login\" class=\"nav-link router-link-exact-active active\" aria-current=\"page\">...</a> is not clickable at point (637, 26). Other element would receive the click: <div class=\"swal-overlay swal-overlay--show-modal\" tabindex=\"-1\">...</div>\n  (Session info: headless chrome=91.0.4472.164)",
        "time" : {
          "start" : 1627251401864,
          "stop" : 1627251417863,
          "duration" : 15999
        }
      }, {
        "uid" : "b045d1c006636b52",
        "reportUrl" : "https://sirokeszter.github.io/conduit/16//#testresult/b045d1c006636b52",
        "status" : "broken",
        "statusDetails" : "selenium.common.exceptions.ElementClickInterceptedException: Message: element click intercepted: Element <a href=\"#/login\" class=\"nav-link router-link-exact-active active\" aria-current=\"page\">...</a> is not clickable at point (637, 26). Other element would receive the click: <div class=\"swal-overlay swal-overlay--show-modal\" tabindex=\"-1\">...</div>\n  (Session info: headless chrome=91.0.4472.164)",
        "time" : {
          "start" : 1627251352556,
          "stop" : 1627251368551,
          "duration" : 15995
        }
      } ]
    },
    "tags" : [ ]
  },
  "source" : "27c736d0b617c951.json",
  "parameterValues" : [ ]
}