{
  "uid" : "cff2ef241573b79b",
  "name" : "test_add_database_articles",
  "fullName" : "exam_masterpiece.test_ts4_add_database_articles#test_add_database_articles",
  "historyId" : "07fe76b1e487cb38d58a4e75b15e5047",
  "time" : {
    "start" : 1627251401864,
    "stop" : 1627251417863,
    "duration" : 15999
  },
  "status" : "broken",
  "statusMessage" : "selenium.common.exceptions.ElementClickInterceptedException: Message: element click intercepted: Element <a href=\"#/login\" class=\"nav-link router-link-exact-active active\" aria-current=\"page\">...</a> is not clickable at point (637, 26). Other element would receive the click: <div class=\"swal-overlay swal-overlay--show-modal\" tabindex=\"-1\">...</div>\n  (Session info: headless chrome=91.0.4472.164)",
  "statusTrace" : "def test_add_database_articles():\n        import os\n        import sys\n        from selenium import webdriver\n        from selenium.webdriver.chrome.options import Options\n        from webdriver_manager.chrome import ChromeDriverManager\n        import csv\n        import time\n        from selenium.common.exceptions import NoSuchElementException\n    \n        options = Options()\n        options.add_argument('--headless')\n        options.add_argument('--disable-gpu')\n        driver = webdriver.Chrome(ChromeDriverManager().install(), chrome_options=options)\n    \n        try:\n            driver.get(\"http://localhost:1667/#\")\n            time.sleep(10)\n    \n            # Activate Sign in input field:\n            login = driver.find_element_by_xpath('//*[@id=\"app\"]/nav/div/ul/li[2]/a')\n            login.click()\n    \n            # Fill input fields:\n            def fill_login(mail, pw):\n                email = driver.find_element_by_xpath('//*[@id=\"app\"]//fieldset[1]/input')\n                password = driver.find_element_by_xpath('//*[@id=\"app\"]//fieldset[2]/input')\n                button = driver.find_element_by_xpath('//*[@id=\"app\"]//form/button')\n    \n                email.send_keys(mail)\n                password.send_keys(pw)\n                button.click()\n    \n            username = \"kiskakas1\"\n            fill_login(\"kiskakas1@gmail.com\", \"Kiskakas1$\")\n    \n            time.sleep(3)\n>           new_article = driver.find_element_by_xpath('//*[@id=\"app\"]/nav/div/ul/li[2]/a').click()\n\nexam_masterpiece/test_ts4_add_database_articles.py:38: \n_ _ _ _ _ _ _ _ _ _ _ _ _ _ _ _ _ _ _ _ _ _ _ _ _ _ _ _ _ _ _ _ _ _ _ _ _ _ _ _ \n/opt/hostedtoolcache/Python/3.9.5/x64/lib/python3.9/site-packages/selenium/webdriver/remote/webelement.py:80: in click\n    self._execute(Command.CLICK_ELEMENT)\n/opt/hostedtoolcache/Python/3.9.5/x64/lib/python3.9/site-packages/selenium/webdriver/remote/webelement.py:633: in _execute\n    return self._parent.execute(command, params)\n/opt/hostedtoolcache/Python/3.9.5/x64/lib/python3.9/site-packages/selenium/webdriver/remote/webdriver.py:321: in execute\n    self.error_handler.check_response(response)\n_ _ _ _ _ _ _ _ _ _ _ _ _ _ _ _ _ _ _ _ _ _ _ _ _ _ _ _ _ _ _ _ _ _ _ _ _ _ _ _ \n\nself = <selenium.webdriver.remote.errorhandler.ErrorHandler object at 0x7f0bb6df00a0>\nresponse = {'status': 400, 'value': '{\"value\":{\"error\":\"element click intercepted\",\"message\":\"element click intercepted: Element ...\\\\u003C/div>\\\\n  (Session info: headless chrome=91.0.4472.164)\",\"stacktrace\":\"#0 0x55f3d0a7c949 \\\\u003Cunknown>\\\\n\"}}'}\n\n    def check_response(self, response):\n        \"\"\"\n        Checks that a JSON response from the WebDriver does not have an error.\n    \n        :Args:\n         - response - The JSON response from the WebDriver server as a dictionary\n           object.\n    \n        :Raises: If the response contains an error message.\n        \"\"\"\n        status = response.get('status', None)\n        if status is None or status == ErrorCode.SUCCESS:\n            return\n        value = None\n        message = response.get(\"message\", \"\")\n        screen = response.get(\"screen\", \"\")\n        stacktrace = None\n        if isinstance(status, int):\n            value_json = response.get('value', None)\n            if value_json and isinstance(value_json, basestring):\n                import json\n                try:\n                    value = json.loads(value_json)\n                    if len(value.keys()) == 1:\n                        value = value['value']\n                    status = value.get('error', None)\n                    if status is None:\n                        status = value[\"status\"]\n                        message = value[\"value\"]\n                        if not isinstance(message, basestring):\n                            value = message\n                            message = message.get('message')\n                    else:\n                        message = value.get('message', None)\n                except ValueError:\n                    pass\n    \n        exception_class = ErrorInResponseException\n        if status in ErrorCode.NO_SUCH_ELEMENT:\n            exception_class = NoSuchElementException\n        elif status in ErrorCode.NO_SUCH_FRAME:\n            exception_class = NoSuchFrameException\n        elif status in ErrorCode.NO_SUCH_WINDOW:\n            exception_class = NoSuchWindowException\n        elif status in ErrorCode.STALE_ELEMENT_REFERENCE:\n            exception_class = StaleElementReferenceException\n        elif status in ErrorCode.ELEMENT_NOT_VISIBLE:\n            exception_class = ElementNotVisibleException\n        elif status in ErrorCode.INVALID_ELEMENT_STATE:\n            exception_class = InvalidElementStateException\n        elif status in ErrorCode.INVALID_SELECTOR \\\n                or status in ErrorCode.INVALID_XPATH_SELECTOR \\\n                or status in ErrorCode.INVALID_XPATH_SELECTOR_RETURN_TYPER:\n            exception_class = InvalidSelectorException\n        elif status in ErrorCode.ELEMENT_IS_NOT_SELECTABLE:\n            exception_class = ElementNotSelectableException\n        elif status in ErrorCode.ELEMENT_NOT_INTERACTABLE:\n            exception_class = ElementNotInteractableException\n        elif status in ErrorCode.INVALID_COOKIE_DOMAIN:\n            exception_class = InvalidCookieDomainException\n        elif status in ErrorCode.UNABLE_TO_SET_COOKIE:\n            exception_class = UnableToSetCookieException\n        elif status in ErrorCode.TIMEOUT:\n            exception_class = TimeoutException\n        elif status in ErrorCode.SCRIPT_TIMEOUT:\n            exception_class = TimeoutException\n        elif status in ErrorCode.UNKNOWN_ERROR:\n            exception_class = WebDriverException\n        elif status in ErrorCode.UNEXPECTED_ALERT_OPEN:\n            exception_class = UnexpectedAlertPresentException\n        elif status in ErrorCode.NO_ALERT_OPEN:\n            exception_class = NoAlertPresentException\n        elif status in ErrorCode.IME_NOT_AVAILABLE:\n            exception_class = ImeNotAvailableException\n        elif status in ErrorCode.IME_ENGINE_ACTIVATION_FAILED:\n            exception_class = ImeActivationFailedException\n        elif status in ErrorCode.MOVE_TARGET_OUT_OF_BOUNDS:\n            exception_class = MoveTargetOutOfBoundsException\n        elif status in ErrorCode.JAVASCRIPT_ERROR:\n            exception_class = JavascriptException\n        elif status in ErrorCode.SESSION_NOT_CREATED:\n            exception_class = SessionNotCreatedException\n        elif status in ErrorCode.INVALID_ARGUMENT:\n            exception_class = InvalidArgumentException\n        elif status in ErrorCode.NO_SUCH_COOKIE:\n            exception_class = NoSuchCookieException\n        elif status in ErrorCode.UNABLE_TO_CAPTURE_SCREEN:\n            exception_class = ScreenshotException\n        elif status in ErrorCode.ELEMENT_CLICK_INTERCEPTED:\n            exception_class = ElementClickInterceptedException\n        elif status in ErrorCode.INSECURE_CERTIFICATE:\n            exception_class = InsecureCertificateException\n        elif status in ErrorCode.INVALID_COORDINATES:\n            exception_class = InvalidCoordinatesException\n        elif status in ErrorCode.INVALID_SESSION_ID:\n            exception_class = InvalidSessionIdException\n        elif status in ErrorCode.UNKNOWN_METHOD:\n            exception_class = UnknownMethodException\n        else:\n            exception_class = WebDriverException\n        if value == '' or value is None:\n            value = response['value']\n        if isinstance(value, basestring):\n            if exception_class == ErrorInResponseException:\n                raise exception_class(response, value)\n            raise exception_class(value)\n        if message == \"\" and 'message' in value:\n            message = value['message']\n    \n        screen = None\n        if 'screen' in value:\n            screen = value['screen']\n    \n        stacktrace = None\n        if 'stackTrace' in value and value['stackTrace']:\n            stacktrace = []\n            try:\n                for frame in value['stackTrace']:\n                    line = self._value_or_default(frame, 'lineNumber', '')\n                    file = self._value_or_default(frame, 'fileName', '<anonymous>')\n                    if line:\n                        file = \"%s:%s\" % (file, line)\n                    meth = self._value_or_default(frame, 'methodName', '<anonymous>')\n                    if 'className' in frame:\n                        meth = \"%s.%s\" % (frame['className'], meth)\n                    msg = \"    at %s (%s)\"\n                    msg = msg % (meth, file)\n                    stacktrace.append(msg)\n            except TypeError:\n                pass\n        if exception_class == ErrorInResponseException:\n            raise exception_class(response, message)\n        elif exception_class == UnexpectedAlertPresentException:\n            alert_text = None\n            if 'data' in value:\n                alert_text = value['data'].get('text')\n            elif 'alert' in value:\n                alert_text = value['alert'].get('text')\n            raise exception_class(message, screen, stacktrace, alert_text)\n>       raise exception_class(message, screen, stacktrace)\nE       selenium.common.exceptions.ElementClickInterceptedException: Message: element click intercepted: Element <a href=\"#/login\" class=\"nav-link router-link-exact-active active\" aria-current=\"page\">...</a> is not clickable at point (637, 26). Other element would receive the click: <div class=\"swal-overlay swal-overlay--show-modal\" tabindex=\"-1\">...</div>\nE         (Session info: headless chrome=91.0.4472.164)\n\n/opt/hostedtoolcache/Python/3.9.5/x64/lib/python3.9/site-packages/selenium/webdriver/remote/errorhandler.py:242: ElementClickInterceptedException",
  "flaky" : false,
  "newFailed" : false,
  "beforeStages" : [ ],
  "testStage" : {
    "status" : "broken",
    "statusMessage" : "selenium.common.exceptions.ElementClickInterceptedException: Message: element click intercepted: Element <a href=\"#/login\" class=\"nav-link router-link-exact-active active\" aria-current=\"page\">...</a> is not clickable at point (637, 26). Other element would receive the click: <div class=\"swal-overlay swal-overlay--show-modal\" tabindex=\"-1\">...</div>\n  (Session info: headless chrome=91.0.4472.164)",
    "statusTrace" : "def test_add_database_articles():\n        import os\n        import sys\n        from selenium import webdriver\n        from selenium.webdriver.chrome.options import Options\n        from webdriver_manager.chrome import ChromeDriverManager\n        import csv\n        import time\n        from selenium.common.exceptions import NoSuchElementException\n    \n        options = Options()\n        options.add_argument('--headless')\n        options.add_argument('--disable-gpu')\n        driver = webdriver.Chrome(ChromeDriverManager().install(), chrome_options=options)\n    \n        try:\n            driver.get(\"http://localhost:1667/#\")\n            time.sleep(10)\n    \n            # Activate Sign in input field:\n            login = driver.find_element_by_xpath('//*[@id=\"app\"]/nav/div/ul/li[2]/a')\n            login.click()\n    \n            # Fill input fields:\n            def fill_login(mail, pw):\n                email = driver.find_element_by_xpath('//*[@id=\"app\"]//fieldset[1]/input')\n                password = driver.find_element_by_xpath('//*[@id=\"app\"]//fieldset[2]/input')\n                button = driver.find_element_by_xpath('//*[@id=\"app\"]//form/button')\n    \n                email.send_keys(mail)\n                password.send_keys(pw)\n                button.click()\n    \n            username = \"kiskakas1\"\n            fill_login(\"kiskakas1@gmail.com\", \"Kiskakas1$\")\n    \n            time.sleep(3)\n>           new_article = driver.find_element_by_xpath('//*[@id=\"app\"]/nav/div/ul/li[2]/a').click()\n\nexam_masterpiece/test_ts4_add_database_articles.py:38: \n_ _ _ _ _ _ _ _ _ _ _ _ _ _ _ _ _ _ _ _ _ _ _ _ _ _ _ _ _ _ _ _ _ _ _ _ _ _ _ _ \n/opt/hostedtoolcache/Python/3.9.5/x64/lib/python3.9/site-packages/selenium/webdriver/remote/webelement.py:80: in click\n    self._execute(Command.CLICK_ELEMENT)\n/opt/hostedtoolcache/Python/3.9.5/x64/lib/python3.9/site-packages/selenium/webdriver/remote/webelement.py:633: in _execute\n    return self._parent.execute(command, params)\n/opt/hostedtoolcache/Python/3.9.5/x64/lib/python3.9/site-packages/selenium/webdriver/remote/webdriver.py:321: in execute\n    self.error_handler.check_response(response)\n_ _ _ _ _ _ _ _ _ _ _ _ _ _ _ _ _ _ _ _ _ _ _ _ _ _ _ _ _ _ _ _ _ _ _ _ _ _ _ _ \n\nself = <selenium.webdriver.remote.errorhandler.ErrorHandler object at 0x7f0bb6df00a0>\nresponse = {'status': 400, 'value': '{\"value\":{\"error\":\"element click intercepted\",\"message\":\"element click intercepted: Element ...\\\\u003C/div>\\\\n  (Session info: headless chrome=91.0.4472.164)\",\"stacktrace\":\"#0 0x55f3d0a7c949 \\\\u003Cunknown>\\\\n\"}}'}\n\n    def check_response(self, response):\n        \"\"\"\n        Checks that a JSON response from the WebDriver does not have an error.\n    \n        :Args:\n         - response - The JSON response from the WebDriver server as a dictionary\n           object.\n    \n        :Raises: If the response contains an error message.\n        \"\"\"\n        status = response.get('status', None)\n        if status is None or status == ErrorCode.SUCCESS:\n            return\n        value = None\n        message = response.get(\"message\", \"\")\n        screen = response.get(\"screen\", \"\")\n        stacktrace = None\n        if isinstance(status, int):\n            value_json = response.get('value', None)\n            if value_json and isinstance(value_json, basestring):\n                import json\n                try:\n                    value = json.loads(value_json)\n                    if len(value.keys()) == 1:\n                        value = value['value']\n                    status = value.get('error', None)\n                    if status is None:\n                        status = value[\"status\"]\n                        message = value[\"value\"]\n                        if not isinstance(message, basestring):\n                            value = message\n                            message = message.get('message')\n                    else:\n                        message = value.get('message', None)\n                except ValueError:\n                    pass\n    \n        exception_class = ErrorInResponseException\n        if status in ErrorCode.NO_SUCH_ELEMENT:\n            exception_class = NoSuchElementException\n        elif status in ErrorCode.NO_SUCH_FRAME:\n            exception_class = NoSuchFrameException\n        elif status in ErrorCode.NO_SUCH_WINDOW:\n            exception_class = NoSuchWindowException\n        elif status in ErrorCode.STALE_ELEMENT_REFERENCE:\n            exception_class = StaleElementReferenceException\n        elif status in ErrorCode.ELEMENT_NOT_VISIBLE:\n            exception_class = ElementNotVisibleException\n        elif status in ErrorCode.INVALID_ELEMENT_STATE:\n            exception_class = InvalidElementStateException\n        elif status in ErrorCode.INVALID_SELECTOR \\\n                or status in ErrorCode.INVALID_XPATH_SELECTOR \\\n                or status in ErrorCode.INVALID_XPATH_SELECTOR_RETURN_TYPER:\n            exception_class = InvalidSelectorException\n        elif status in ErrorCode.ELEMENT_IS_NOT_SELECTABLE:\n            exception_class = ElementNotSelectableException\n        elif status in ErrorCode.ELEMENT_NOT_INTERACTABLE:\n            exception_class = ElementNotInteractableException\n        elif status in ErrorCode.INVALID_COOKIE_DOMAIN:\n            exception_class = InvalidCookieDomainException\n        elif status in ErrorCode.UNABLE_TO_SET_COOKIE:\n            exception_class = UnableToSetCookieException\n        elif status in ErrorCode.TIMEOUT:\n            exception_class = TimeoutException\n        elif status in ErrorCode.SCRIPT_TIMEOUT:\n            exception_class = TimeoutException\n        elif status in ErrorCode.UNKNOWN_ERROR:\n            exception_class = WebDriverException\n        elif status in ErrorCode.UNEXPECTED_ALERT_OPEN:\n            exception_class = UnexpectedAlertPresentException\n        elif status in ErrorCode.NO_ALERT_OPEN:\n            exception_class = NoAlertPresentException\n        elif status in ErrorCode.IME_NOT_AVAILABLE:\n            exception_class = ImeNotAvailableException\n        elif status in ErrorCode.IME_ENGINE_ACTIVATION_FAILED:\n            exception_class = ImeActivationFailedException\n        elif status in ErrorCode.MOVE_TARGET_OUT_OF_BOUNDS:\n            exception_class = MoveTargetOutOfBoundsException\n        elif status in ErrorCode.JAVASCRIPT_ERROR:\n            exception_class = JavascriptException\n        elif status in ErrorCode.SESSION_NOT_CREATED:\n            exception_class = SessionNotCreatedException\n        elif status in ErrorCode.INVALID_ARGUMENT:\n            exception_class = InvalidArgumentException\n        elif status in ErrorCode.NO_SUCH_COOKIE:\n            exception_class = NoSuchCookieException\n        elif status in ErrorCode.UNABLE_TO_CAPTURE_SCREEN:\n            exception_class = ScreenshotException\n        elif status in ErrorCode.ELEMENT_CLICK_INTERCEPTED:\n            exception_class = ElementClickInterceptedException\n        elif status in ErrorCode.INSECURE_CERTIFICATE:\n            exception_class = InsecureCertificateException\n        elif status in ErrorCode.INVALID_COORDINATES:\n            exception_class = InvalidCoordinatesException\n        elif status in ErrorCode.INVALID_SESSION_ID:\n            exception_class = InvalidSessionIdException\n        elif status in ErrorCode.UNKNOWN_METHOD:\n            exception_class = UnknownMethodException\n        else:\n            exception_class = WebDriverException\n        if value == '' or value is None:\n            value = response['value']\n        if isinstance(value, basestring):\n            if exception_class == ErrorInResponseException:\n                raise exception_class(response, value)\n            raise exception_class(value)\n        if message == \"\" and 'message' in value:\n            message = value['message']\n    \n        screen = None\n        if 'screen' in value:\n            screen = value['screen']\n    \n        stacktrace = None\n        if 'stackTrace' in value and value['stackTrace']:\n            stacktrace = []\n            try:\n                for frame in value['stackTrace']:\n                    line = self._value_or_default(frame, 'lineNumber', '')\n                    file = self._value_or_default(frame, 'fileName', '<anonymous>')\n                    if line:\n                        file = \"%s:%s\" % (file, line)\n                    meth = self._value_or_default(frame, 'methodName', '<anonymous>')\n                    if 'className' in frame:\n                        meth = \"%s.%s\" % (frame['className'], meth)\n                    msg = \"    at %s (%s)\"\n                    msg = msg % (meth, file)\n                    stacktrace.append(msg)\n            except TypeError:\n                pass\n        if exception_class == ErrorInResponseException:\n            raise exception_class(response, message)\n        elif exception_class == UnexpectedAlertPresentException:\n            alert_text = None\n            if 'data' in value:\n                alert_text = value['data'].get('text')\n            elif 'alert' in value:\n                alert_text = value['alert'].get('text')\n            raise exception_class(message, screen, stacktrace, alert_text)\n>       raise exception_class(message, screen, stacktrace)\nE       selenium.common.exceptions.ElementClickInterceptedException: Message: element click intercepted: Element <a href=\"#/login\" class=\"nav-link router-link-exact-active active\" aria-current=\"page\">...</a> is not clickable at point (637, 26). Other element would receive the click: <div class=\"swal-overlay swal-overlay--show-modal\" tabindex=\"-1\">...</div>\nE         (Session info: headless chrome=91.0.4472.164)\n\n/opt/hostedtoolcache/Python/3.9.5/x64/lib/python3.9/site-packages/selenium/webdriver/remote/errorhandler.py:242: ElementClickInterceptedException",
    "steps" : [ ],
    "attachments" : [ {
      "uid" : "f275013e6875c923",
      "name" : "log",
      "source" : "f275013e6875c923.txt",
      "type" : "text/plain",
      "size" : 344
    }, {
      "uid" : "b0ea30db239d573f",
      "name" : "stderr",
      "source" : "b0ea30db239d573f.txt",
      "type" : "text/plain",
      "size" : 215
    } ],
    "parameters" : [ ],
    "stepsCount" : 0,
    "attachmentsCount" : 2,
    "shouldDisplayMessage" : true,
    "hasContent" : true
  },
  "afterStages" : [ ],
  "labels" : [ {
    "name" : "parentSuite",
    "value" : "exam_masterpiece"
  }, {
    "name" : "suite",
    "value" : "test_ts4_add_database_articles"
  }, {
    "name" : "host",
    "value" : "fv-az77-953"
  }, {
    "name" : "thread",
    "value" : "4147-MainThread"
  }, {
    "name" : "framework",
    "value" : "pytest"
  }, {
    "name" : "language",
    "value" : "cpython3"
  }, {
    "name" : "package",
    "value" : "exam_masterpiece.test_ts4_add_database_articles"
  }, {
    "name" : "resultFormat",
    "value" : "allure2"
  } ],
  "parameters" : [ ],
  "links" : [ ],
  "hidden" : false,
  "retry" : false,
  "extra" : {
    "severity" : "normal",
    "retries" : [ ],
    "categories" : [ {
      "name" : "Test defects",
      "matchedStatuses" : [ ],
      "flaky" : false
    } ],
    "history" : {
      "statistic" : {
        "failed" : 0,
        "broken" : 20,
        "skipped" : 0,
        "passed" : 0,
        "unknown" : 0,
        "total" : 20
      },
      "items" : [ {
        "uid" : "b045d1c006636b52",
        "reportUrl" : "https://sirokeszter.github.io/conduit/16//#testresult/b045d1c006636b52",
        "status" : "broken",
        "statusDetails" : "selenium.common.exceptions.ElementClickInterceptedException: Message: element click intercepted: Element <a href=\"#/login\" class=\"nav-link router-link-exact-active active\" aria-current=\"page\">...</a> is not clickable at point (637, 26). Other element would receive the click: <div class=\"swal-overlay swal-overlay--show-modal\" tabindex=\"-1\">...</div>\n  (Session info: headless chrome=91.0.4472.164)",
        "time" : {
          "start" : 1627251352556,
          "stop" : 1627251368551,
          "duration" : 15995
        }
      }, {
        "uid" : "cbb1345ab4cfa933",
        "reportUrl" : "https://sirokeszter.github.io/conduit/16//#testresult/cbb1345ab4cfa933",
        "status" : "broken",
        "statusDetails" : "FileNotFoundError: [Errno 2] No such file or directory: 'test.csv'",
        "time" : {
          "start" : 1627250958677,
          "stop" : 1627250975465,
          "duration" : 16788
        }
      }, {
        "uid" : "5b7fa588fcee5b7a",
        "reportUrl" : "https://sirokeszter.github.io/conduit/15//#testresult/5b7fa588fcee5b7a",
        "status" : "broken",
        "statusDetails" : "FileNotFoundError: [Errno 2] No such file or directory: 'E:/conduit/exam_masterpiece/test.csv'",
        "time" : {
          "start" : 1627250328212,
          "stop" : 1627250345094,
          "duration" : 16882
        }
      }, {
        "uid" : "72d9deecf0d156b3",
        "reportUrl" : "https://sirokeszter.github.io/conduit/12//#testresult/72d9deecf0d156b3",
        "status" : "broken",
        "statusDetails" : "selenium.common.exceptions.ElementClickInterceptedException: Message: element click intercepted: Element <a href=\"#/login\" class=\"nav-link router-link-exact-active active\" aria-current=\"page\">...</a> is not clickable at point (637, 26). Other element would receive the click: <div class=\"swal-overlay swal-overlay--show-modal\" tabindex=\"-1\">...</div>\n  (Session info: headless chrome=91.0.4472.164)",
        "time" : {
          "start" : 1627249862840,
          "stop" : 1627249878777,
          "duration" : 15937
        }
      }, {
        "uid" : "a9d6e52c77b0ef09",
        "reportUrl" : "https://sirokeszter.github.io/conduit/14//#testresult/a9d6e52c77b0ef09",
        "status" : "broken",
        "statusDetails" : "selenium.common.exceptions.ElementClickInterceptedException: Message: element click intercepted: Element <a href=\"#/login\" class=\"nav-link router-link-exact-active active\" aria-current=\"page\">...</a> is not clickable at point (637, 26). Other element would receive the click: <div class=\"swal-overlay swal-overlay--show-modal\" tabindex=\"-1\">...</div>\n  (Session info: headless chrome=91.0.4472.164)",
        "time" : {
          "start" : 1627249364815,
          "stop" : 1627249380742,
          "duration" : 15927
        }
      }, {
        "uid" : "9764b1f321314a5a",
        "reportUrl" : "https://sirokeszter.github.io/conduit/13//#testresult/9764b1f321314a5a",
        "status" : "broken",
        "statusDetails" : "FileNotFoundError: [Errno 2] No such file or directory: 'test.csv'",
        "time" : {
          "start" : 1627248730114,
          "stop" : 1627248747281,
          "duration" : 17167
        }
      }, {
        "uid" : "f196886a1fee6170",
        "reportUrl" : "https://sirokeszter.github.io/conduit/14//#testresult/f196886a1fee6170",
        "status" : "broken",
        "statusDetails" : "FileNotFoundError: [Errno 2] No such file or directory: 'E:/conduit/exam_masterpiece/test.csv'",
        "time" : {
          "start" : 1627248691041,
          "stop" : 1627248707981,
          "duration" : 16940
        }
      }, {
        "uid" : "324ba4d21e1b74d0",
        "reportUrl" : "https://sirokeszter.github.io/conduit/13//#testresult/324ba4d21e1b74d0",
        "status" : "broken",
        "statusDetails" : "FileNotFoundError: [Errno 2] No such file or directory: 'test.csv'",
        "time" : {
          "start" : 1627247775867,
          "stop" : 1627247791844,
          "duration" : 15977
        }
      }, {
        "uid" : "481b4b847354c696",
        "reportUrl" : "https://sirokeszter.github.io/conduit/12//#testresult/481b4b847354c696",
        "status" : "broken",
        "statusDetails" : "FileNotFoundError: [Errno 2] No such file or directory: 'test.csv'",
        "time" : {
          "start" : 1627247012139,
          "stop" : 1627247029083,
          "duration" : 16944
        }
      }, {
        "uid" : "72c457cd1d4d6350",
        "reportUrl" : "https://sirokeszter.github.io/conduit/11//#testresult/72c457cd1d4d6350",
        "status" : "broken",
        "statusDetails" : "FileNotFoundError: [Errno 2] No such file or directory: 'test.csv'",
        "time" : {
          "start" : 1627246008022,
          "stop" : 1627246024938,
          "duration" : 16916
        }
      }, {
        "uid" : "9a5c879a5aaed9af",
        "reportUrl" : "https://sirokeszter.github.io/conduit/10//#testresult/9a5c879a5aaed9af",
        "status" : "broken",
        "statusDetails" : "selenium.common.exceptions.ElementClickInterceptedException: Message: element click intercepted: Element <a href=\"#/login\" class=\"nav-link router-link-exact-active active\" aria-current=\"page\">...</a> is not clickable at point (637, 26). Other element would receive the click: <div class=\"swal-overlay swal-overlay--show-modal\" tabindex=\"-1\">...</div>\n  (Session info: headless chrome=91.0.4472.164)",
        "time" : {
          "start" : 1627245116146,
          "stop" : 1627245132116,
          "duration" : 15970
        }
      }, {
        "uid" : "7f1ee7b91d3c3367",
        "reportUrl" : "https://sirokeszter.github.io/conduit/9//#testresult/7f1ee7b91d3c3367",
        "status" : "broken",
        "statusDetails" : "selenium.common.exceptions.ElementClickInterceptedException: Message: element click intercepted: Element <a href=\"#/login\" class=\"nav-link router-link-exact-active active\" aria-current=\"page\">...</a> is not clickable at point (637, 26). Other element would receive the click: <div class=\"swal-overlay swal-overlay--show-modal\" tabindex=\"-1\">...</div>\n  (Session info: headless chrome=91.0.4472.164)",
        "time" : {
          "start" : 1627243228960,
          "stop" : 1627243236326,
          "duration" : 7366
        }
      }, {
        "uid" : "778799ed5320a2be",
        "reportUrl" : "https://sirokeszter.github.io/conduit/8//#testresult/778799ed5320a2be",
        "status" : "broken",
        "statusDetails" : "selenium.common.exceptions.ElementClickInterceptedException: Message: element click intercepted: Element <a href=\"#/login\" class=\"nav-link router-link-exact-active active\" aria-current=\"page\">...</a> is not clickable at point (637, 26). Other element would receive the click: <div class=\"swal-overlay swal-overlay--show-modal\" tabindex=\"-1\">...</div>\n  (Session info: headless chrome=91.0.4472.164)",
        "time" : {
          "start" : 1627242170391,
          "stop" : 1627242177643,
          "duration" : 7252
        }
      }, {
        "uid" : "37dbf2736ae0b4f0",
        "reportUrl" : "https://sirokeszter.github.io/conduit/7//#testresult/37dbf2736ae0b4f0",
        "status" : "broken",
        "statusDetails" : "selenium.common.exceptions.ElementClickInterceptedException: Message: element click intercepted: Element <a href=\"#/login\" class=\"nav-link router-link-exact-active active\" aria-current=\"page\">...</a> is not clickable at point (637, 26). Other element would receive the click: <div class=\"swal-overlay swal-overlay--show-modal\" tabindex=\"-1\">...</div>\n  (Session info: headless chrome=91.0.4472.164)",
        "time" : {
          "start" : 1627241025489,
          "stop" : 1627241032413,
          "duration" : 6924
        }
      }, {
        "uid" : "23be7edcd83f06f5",
        "reportUrl" : "https://sirokeszter.github.io/conduit/6//#testresult/23be7edcd83f06f5",
        "status" : "broken",
        "statusDetails" : "selenium.common.exceptions.NoSuchElementException: Message: no such element: Unable to locate element: {\"method\":\"xpath\",\"selector\":\"//*[@id=\"app\"]/nav/div/ul/li[2]/a\"}\n  (Session info: headless chrome=91.0.4472.164)",
        "time" : {
          "start" : 1627240519003,
          "stop" : 1627240520713,
          "duration" : 1710
        }
      }, {
        "uid" : "789f12829454507e",
        "reportUrl" : "https://sirokeszter.github.io/conduit/6//#testresult/789f12829454507e",
        "status" : "broken",
        "statusDetails" : "selenium.common.exceptions.NoSuchElementException: Message: no such element: Unable to locate element: {\"method\":\"xpath\",\"selector\":\"//*[@id=\"app\"]/nav/div/ul/li[2]/a\"}\n  (Session info: headless chrome=91.0.4472.164)",
        "time" : {
          "start" : 1627237399488,
          "stop" : 1627237401123,
          "duration" : 1635
        }
      }, {
        "uid" : "bd447bc93c1390b7",
        "reportUrl" : "https://sirokeszter.github.io/conduit/5//#testresult/bd447bc93c1390b7",
        "status" : "broken",
        "statusDetails" : "ModuleNotFoundError: No module named 'webdriver_manager'",
        "time" : {
          "start" : 1627234544039,
          "stop" : 1627234544039,
          "duration" : 0
        }
      }, {
        "uid" : "c0b3bc5cbb681202",
        "reportUrl" : "https://sirokeszter.github.io/conduit/4//#testresult/c0b3bc5cbb681202",
        "status" : "broken",
        "statusDetails" : "selenium.common.exceptions.NoSuchElementException: Message: no such element: Unable to locate element: {\"method\":\"xpath\",\"selector\":\"//*[@id=\"app\"]/nav/div/ul/li[2]/a\"}\n  (Session info: headless chrome=91.0.4472.164)",
        "time" : {
          "start" : 1627234063704,
          "stop" : 1627234065551,
          "duration" : 1847
        }
      }, {
        "uid" : "9d0282f3a030509c",
        "reportUrl" : "https://sirokeszter.github.io/conduit/3//#testresult/9d0282f3a030509c",
        "status" : "broken",
        "statusDetails" : "selenium.common.exceptions.NoSuchElementException: Message: no such element: Unable to locate element: {\"method\":\"xpath\",\"selector\":\"//*[@id=\"app\"]/nav/div/ul/li[2]/a\"}\n  (Session info: headless chrome=91.0.4472.164)",
        "time" : {
          "start" : 1627233245729,
          "stop" : 1627233247589,
          "duration" : 1860
        }
      } ]
    },
    "tags" : [ ]
  },
  "source" : "cff2ef241573b79b.json",
  "parameterValues" : [ ]
}