{
  "uid" : "65480ad72bdbbb8f",
  "name" : "test_cookies",
  "fullName" : "exam_masterpiece.test_ts0_cookies#test_cookies",
  "historyId" : "dce9624b9435308259a1625b9477448f",
  "time" : {
    "start" : 1627307802735,
    "stop" : 1627307820394,
    "duration" : 17659
  },
  "status" : "broken",
  "statusMessage" : "selenium.common.exceptions.NoSuchElementException: Message: no such element: Unable to locate element: {\"method\":\"xpath\",\"selector\":\"//*[@id=\"cookie-policy-panel\"]/div/div[2]/button[2]\"}\n  (Session info: headless chrome=91.0.4472.164)",
  "statusTrace" : "def test_cookies():\n        from selenium import webdriver\n        from selenium.webdriver.chrome.options import Options\n        from webdriver_manager.chrome import ChromeDriverManager\n        from selenium.common.exceptions import NoSuchElementException\n        import time\n    \n        options = Options()\n        options.add_argument('--headless')\n        options.add_argument('--disable-gpu')\n        driver = webdriver.Chrome(ChromeDriverManager().install(), chrome_options=options)\n    \n        try:\n            driver.get(\"http://localhost:1667/\")\n            time.sleep(10)\n            # Cookie accept with click accept button:\n>           accept_button = driver.find_element_by_xpath('//*[@id=\"cookie-policy-panel\"]/div/div[2]/button[2]')\n\nexam_masterpiece/test_ts0_cookies.py:17: \n_ _ _ _ _ _ _ _ _ _ _ _ _ _ _ _ _ _ _ _ _ _ _ _ _ _ _ _ _ _ _ _ _ _ _ _ _ _ _ _ \n/opt/hostedtoolcache/Python/3.9.5/x64/lib/python3.9/site-packages/selenium/webdriver/remote/webdriver.py:394: in find_element_by_xpath\n    return self.find_element(by=By.XPATH, value=xpath)\n/opt/hostedtoolcache/Python/3.9.5/x64/lib/python3.9/site-packages/selenium/webdriver/remote/webdriver.py:976: in find_element\n    return self.execute(Command.FIND_ELEMENT, {\n/opt/hostedtoolcache/Python/3.9.5/x64/lib/python3.9/site-packages/selenium/webdriver/remote/webdriver.py:321: in execute\n    self.error_handler.check_response(response)\n_ _ _ _ _ _ _ _ _ _ _ _ _ _ _ _ _ _ _ _ _ _ _ _ _ _ _ _ _ _ _ _ _ _ _ _ _ _ _ _ \n\nself = <selenium.webdriver.remote.errorhandler.ErrorHandler object at 0x7f61de6ea550>\nresponse = {'status': 404, 'value': '{\"value\":{\"error\":\"no such element\",\"message\":\"no such element: Unable to locate element: {\\...utton[2]\\\\\"}\\\\n  (Session info: headless chrome=91.0.4472.164)\",\"stacktrace\":\"#0 0x5594d2232949 \\\\u003Cunknown>\\\\n\"}}'}\n\n    def check_response(self, response):\n        \"\"\"\n        Checks that a JSON response from the WebDriver does not have an error.\n    \n        :Args:\n         - response - The JSON response from the WebDriver server as a dictionary\n           object.\n    \n        :Raises: If the response contains an error message.\n        \"\"\"\n        status = response.get('status', None)\n        if status is None or status == ErrorCode.SUCCESS:\n            return\n        value = None\n        message = response.get(\"message\", \"\")\n        screen = response.get(\"screen\", \"\")\n        stacktrace = None\n        if isinstance(status, int):\n            value_json = response.get('value', None)\n            if value_json and isinstance(value_json, basestring):\n                import json\n                try:\n                    value = json.loads(value_json)\n                    if len(value.keys()) == 1:\n                        value = value['value']\n                    status = value.get('error', None)\n                    if status is None:\n                        status = value[\"status\"]\n                        message = value[\"value\"]\n                        if not isinstance(message, basestring):\n                            value = message\n                            message = message.get('message')\n                    else:\n                        message = value.get('message', None)\n                except ValueError:\n                    pass\n    \n        exception_class = ErrorInResponseException\n        if status in ErrorCode.NO_SUCH_ELEMENT:\n            exception_class = NoSuchElementException\n        elif status in ErrorCode.NO_SUCH_FRAME:\n            exception_class = NoSuchFrameException\n        elif status in ErrorCode.NO_SUCH_WINDOW:\n            exception_class = NoSuchWindowException\n        elif status in ErrorCode.STALE_ELEMENT_REFERENCE:\n            exception_class = StaleElementReferenceException\n        elif status in ErrorCode.ELEMENT_NOT_VISIBLE:\n            exception_class = ElementNotVisibleException\n        elif status in ErrorCode.INVALID_ELEMENT_STATE:\n            exception_class = InvalidElementStateException\n        elif status in ErrorCode.INVALID_SELECTOR \\\n                or status in ErrorCode.INVALID_XPATH_SELECTOR \\\n                or status in ErrorCode.INVALID_XPATH_SELECTOR_RETURN_TYPER:\n            exception_class = InvalidSelectorException\n        elif status in ErrorCode.ELEMENT_IS_NOT_SELECTABLE:\n            exception_class = ElementNotSelectableException\n        elif status in ErrorCode.ELEMENT_NOT_INTERACTABLE:\n            exception_class = ElementNotInteractableException\n        elif status in ErrorCode.INVALID_COOKIE_DOMAIN:\n            exception_class = InvalidCookieDomainException\n        elif status in ErrorCode.UNABLE_TO_SET_COOKIE:\n            exception_class = UnableToSetCookieException\n        elif status in ErrorCode.TIMEOUT:\n            exception_class = TimeoutException\n        elif status in ErrorCode.SCRIPT_TIMEOUT:\n            exception_class = TimeoutException\n        elif status in ErrorCode.UNKNOWN_ERROR:\n            exception_class = WebDriverException\n        elif status in ErrorCode.UNEXPECTED_ALERT_OPEN:\n            exception_class = UnexpectedAlertPresentException\n        elif status in ErrorCode.NO_ALERT_OPEN:\n            exception_class = NoAlertPresentException\n        elif status in ErrorCode.IME_NOT_AVAILABLE:\n            exception_class = ImeNotAvailableException\n        elif status in ErrorCode.IME_ENGINE_ACTIVATION_FAILED:\n            exception_class = ImeActivationFailedException\n        elif status in ErrorCode.MOVE_TARGET_OUT_OF_BOUNDS:\n            exception_class = MoveTargetOutOfBoundsException\n        elif status in ErrorCode.JAVASCRIPT_ERROR:\n            exception_class = JavascriptException\n        elif status in ErrorCode.SESSION_NOT_CREATED:\n            exception_class = SessionNotCreatedException\n        elif status in ErrorCode.INVALID_ARGUMENT:\n            exception_class = InvalidArgumentException\n        elif status in ErrorCode.NO_SUCH_COOKIE:\n            exception_class = NoSuchCookieException\n        elif status in ErrorCode.UNABLE_TO_CAPTURE_SCREEN:\n            exception_class = ScreenshotException\n        elif status in ErrorCode.ELEMENT_CLICK_INTERCEPTED:\n            exception_class = ElementClickInterceptedException\n        elif status in ErrorCode.INSECURE_CERTIFICATE:\n            exception_class = InsecureCertificateException\n        elif status in ErrorCode.INVALID_COORDINATES:\n            exception_class = InvalidCoordinatesException\n        elif status in ErrorCode.INVALID_SESSION_ID:\n            exception_class = InvalidSessionIdException\n        elif status in ErrorCode.UNKNOWN_METHOD:\n            exception_class = UnknownMethodException\n        else:\n            exception_class = WebDriverException\n        if value == '' or value is None:\n            value = response['value']\n        if isinstance(value, basestring):\n            if exception_class == ErrorInResponseException:\n                raise exception_class(response, value)\n            raise exception_class(value)\n        if message == \"\" and 'message' in value:\n            message = value['message']\n    \n        screen = None\n        if 'screen' in value:\n            screen = value['screen']\n    \n        stacktrace = None\n        if 'stackTrace' in value and value['stackTrace']:\n            stacktrace = []\n            try:\n                for frame in value['stackTrace']:\n                    line = self._value_or_default(frame, 'lineNumber', '')\n                    file = self._value_or_default(frame, 'fileName', '<anonymous>')\n                    if line:\n                        file = \"%s:%s\" % (file, line)\n                    meth = self._value_or_default(frame, 'methodName', '<anonymous>')\n                    if 'className' in frame:\n                        meth = \"%s.%s\" % (frame['className'], meth)\n                    msg = \"    at %s (%s)\"\n                    msg = msg % (meth, file)\n                    stacktrace.append(msg)\n            except TypeError:\n                pass\n        if exception_class == ErrorInResponseException:\n            raise exception_class(response, message)\n        elif exception_class == UnexpectedAlertPresentException:\n            alert_text = None\n            if 'data' in value:\n                alert_text = value['data'].get('text')\n            elif 'alert' in value:\n                alert_text = value['alert'].get('text')\n            raise exception_class(message, screen, stacktrace, alert_text)\n>       raise exception_class(message, screen, stacktrace)\nE       selenium.common.exceptions.NoSuchElementException: Message: no such element: Unable to locate element: {\"method\":\"xpath\",\"selector\":\"//*[@id=\"cookie-policy-panel\"]/div/div[2]/button[2]\"}\nE         (Session info: headless chrome=91.0.4472.164)\n\n/opt/hostedtoolcache/Python/3.9.5/x64/lib/python3.9/site-packages/selenium/webdriver/remote/errorhandler.py:242: NoSuchElementException",
  "flaky" : false,
  "newFailed" : false,
  "beforeStages" : [ ],
  "testStage" : {
    "status" : "broken",
    "statusMessage" : "selenium.common.exceptions.NoSuchElementException: Message: no such element: Unable to locate element: {\"method\":\"xpath\",\"selector\":\"//*[@id=\"cookie-policy-panel\"]/div/div[2]/button[2]\"}\n  (Session info: headless chrome=91.0.4472.164)",
    "statusTrace" : "def test_cookies():\n        from selenium import webdriver\n        from selenium.webdriver.chrome.options import Options\n        from webdriver_manager.chrome import ChromeDriverManager\n        from selenium.common.exceptions import NoSuchElementException\n        import time\n    \n        options = Options()\n        options.add_argument('--headless')\n        options.add_argument('--disable-gpu')\n        driver = webdriver.Chrome(ChromeDriverManager().install(), chrome_options=options)\n    \n        try:\n            driver.get(\"http://localhost:1667/\")\n            time.sleep(10)\n            # Cookie accept with click accept button:\n>           accept_button = driver.find_element_by_xpath('//*[@id=\"cookie-policy-panel\"]/div/div[2]/button[2]')\n\nexam_masterpiece/test_ts0_cookies.py:17: \n_ _ _ _ _ _ _ _ _ _ _ _ _ _ _ _ _ _ _ _ _ _ _ _ _ _ _ _ _ _ _ _ _ _ _ _ _ _ _ _ \n/opt/hostedtoolcache/Python/3.9.5/x64/lib/python3.9/site-packages/selenium/webdriver/remote/webdriver.py:394: in find_element_by_xpath\n    return self.find_element(by=By.XPATH, value=xpath)\n/opt/hostedtoolcache/Python/3.9.5/x64/lib/python3.9/site-packages/selenium/webdriver/remote/webdriver.py:976: in find_element\n    return self.execute(Command.FIND_ELEMENT, {\n/opt/hostedtoolcache/Python/3.9.5/x64/lib/python3.9/site-packages/selenium/webdriver/remote/webdriver.py:321: in execute\n    self.error_handler.check_response(response)\n_ _ _ _ _ _ _ _ _ _ _ _ _ _ _ _ _ _ _ _ _ _ _ _ _ _ _ _ _ _ _ _ _ _ _ _ _ _ _ _ \n\nself = <selenium.webdriver.remote.errorhandler.ErrorHandler object at 0x7f61de6ea550>\nresponse = {'status': 404, 'value': '{\"value\":{\"error\":\"no such element\",\"message\":\"no such element: Unable to locate element: {\\...utton[2]\\\\\"}\\\\n  (Session info: headless chrome=91.0.4472.164)\",\"stacktrace\":\"#0 0x5594d2232949 \\\\u003Cunknown>\\\\n\"}}'}\n\n    def check_response(self, response):\n        \"\"\"\n        Checks that a JSON response from the WebDriver does not have an error.\n    \n        :Args:\n         - response - The JSON response from the WebDriver server as a dictionary\n           object.\n    \n        :Raises: If the response contains an error message.\n        \"\"\"\n        status = response.get('status', None)\n        if status is None or status == ErrorCode.SUCCESS:\n            return\n        value = None\n        message = response.get(\"message\", \"\")\n        screen = response.get(\"screen\", \"\")\n        stacktrace = None\n        if isinstance(status, int):\n            value_json = response.get('value', None)\n            if value_json and isinstance(value_json, basestring):\n                import json\n                try:\n                    value = json.loads(value_json)\n                    if len(value.keys()) == 1:\n                        value = value['value']\n                    status = value.get('error', None)\n                    if status is None:\n                        status = value[\"status\"]\n                        message = value[\"value\"]\n                        if not isinstance(message, basestring):\n                            value = message\n                            message = message.get('message')\n                    else:\n                        message = value.get('message', None)\n                except ValueError:\n                    pass\n    \n        exception_class = ErrorInResponseException\n        if status in ErrorCode.NO_SUCH_ELEMENT:\n            exception_class = NoSuchElementException\n        elif status in ErrorCode.NO_SUCH_FRAME:\n            exception_class = NoSuchFrameException\n        elif status in ErrorCode.NO_SUCH_WINDOW:\n            exception_class = NoSuchWindowException\n        elif status in ErrorCode.STALE_ELEMENT_REFERENCE:\n            exception_class = StaleElementReferenceException\n        elif status in ErrorCode.ELEMENT_NOT_VISIBLE:\n            exception_class = ElementNotVisibleException\n        elif status in ErrorCode.INVALID_ELEMENT_STATE:\n            exception_class = InvalidElementStateException\n        elif status in ErrorCode.INVALID_SELECTOR \\\n                or status in ErrorCode.INVALID_XPATH_SELECTOR \\\n                or status in ErrorCode.INVALID_XPATH_SELECTOR_RETURN_TYPER:\n            exception_class = InvalidSelectorException\n        elif status in ErrorCode.ELEMENT_IS_NOT_SELECTABLE:\n            exception_class = ElementNotSelectableException\n        elif status in ErrorCode.ELEMENT_NOT_INTERACTABLE:\n            exception_class = ElementNotInteractableException\n        elif status in ErrorCode.INVALID_COOKIE_DOMAIN:\n            exception_class = InvalidCookieDomainException\n        elif status in ErrorCode.UNABLE_TO_SET_COOKIE:\n            exception_class = UnableToSetCookieException\n        elif status in ErrorCode.TIMEOUT:\n            exception_class = TimeoutException\n        elif status in ErrorCode.SCRIPT_TIMEOUT:\n            exception_class = TimeoutException\n        elif status in ErrorCode.UNKNOWN_ERROR:\n            exception_class = WebDriverException\n        elif status in ErrorCode.UNEXPECTED_ALERT_OPEN:\n            exception_class = UnexpectedAlertPresentException\n        elif status in ErrorCode.NO_ALERT_OPEN:\n            exception_class = NoAlertPresentException\n        elif status in ErrorCode.IME_NOT_AVAILABLE:\n            exception_class = ImeNotAvailableException\n        elif status in ErrorCode.IME_ENGINE_ACTIVATION_FAILED:\n            exception_class = ImeActivationFailedException\n        elif status in ErrorCode.MOVE_TARGET_OUT_OF_BOUNDS:\n            exception_class = MoveTargetOutOfBoundsException\n        elif status in ErrorCode.JAVASCRIPT_ERROR:\n            exception_class = JavascriptException\n        elif status in ErrorCode.SESSION_NOT_CREATED:\n            exception_class = SessionNotCreatedException\n        elif status in ErrorCode.INVALID_ARGUMENT:\n            exception_class = InvalidArgumentException\n        elif status in ErrorCode.NO_SUCH_COOKIE:\n            exception_class = NoSuchCookieException\n        elif status in ErrorCode.UNABLE_TO_CAPTURE_SCREEN:\n            exception_class = ScreenshotException\n        elif status in ErrorCode.ELEMENT_CLICK_INTERCEPTED:\n            exception_class = ElementClickInterceptedException\n        elif status in ErrorCode.INSECURE_CERTIFICATE:\n            exception_class = InsecureCertificateException\n        elif status in ErrorCode.INVALID_COORDINATES:\n            exception_class = InvalidCoordinatesException\n        elif status in ErrorCode.INVALID_SESSION_ID:\n            exception_class = InvalidSessionIdException\n        elif status in ErrorCode.UNKNOWN_METHOD:\n            exception_class = UnknownMethodException\n        else:\n            exception_class = WebDriverException\n        if value == '' or value is None:\n            value = response['value']\n        if isinstance(value, basestring):\n            if exception_class == ErrorInResponseException:\n                raise exception_class(response, value)\n            raise exception_class(value)\n        if message == \"\" and 'message' in value:\n            message = value['message']\n    \n        screen = None\n        if 'screen' in value:\n            screen = value['screen']\n    \n        stacktrace = None\n        if 'stackTrace' in value and value['stackTrace']:\n            stacktrace = []\n            try:\n                for frame in value['stackTrace']:\n                    line = self._value_or_default(frame, 'lineNumber', '')\n                    file = self._value_or_default(frame, 'fileName', '<anonymous>')\n                    if line:\n                        file = \"%s:%s\" % (file, line)\n                    meth = self._value_or_default(frame, 'methodName', '<anonymous>')\n                    if 'className' in frame:\n                        meth = \"%s.%s\" % (frame['className'], meth)\n                    msg = \"    at %s (%s)\"\n                    msg = msg % (meth, file)\n                    stacktrace.append(msg)\n            except TypeError:\n                pass\n        if exception_class == ErrorInResponseException:\n            raise exception_class(response, message)\n        elif exception_class == UnexpectedAlertPresentException:\n            alert_text = None\n            if 'data' in value:\n                alert_text = value['data'].get('text')\n            elif 'alert' in value:\n                alert_text = value['alert'].get('text')\n            raise exception_class(message, screen, stacktrace, alert_text)\n>       raise exception_class(message, screen, stacktrace)\nE       selenium.common.exceptions.NoSuchElementException: Message: no such element: Unable to locate element: {\"method\":\"xpath\",\"selector\":\"//*[@id=\"cookie-policy-panel\"]/div/div[2]/button[2]\"}\nE         (Session info: headless chrome=91.0.4472.164)\n\n/opt/hostedtoolcache/Python/3.9.5/x64/lib/python3.9/site-packages/selenium/webdriver/remote/errorhandler.py:242: NoSuchElementException",
    "steps" : [ ],
    "attachments" : [ {
      "uid" : "d4d8f8c7c30d3984",
      "name" : "log",
      "source" : "d4d8f8c7c30d3984.txt",
      "type" : "text/plain",
      "size" : 642
    }, {
      "uid" : "95b5eb90a8257e1e",
      "name" : "stderr",
      "source" : "95b5eb90a8257e1e.txt",
      "type" : "text/plain",
      "size" : 435
    } ],
    "parameters" : [ ],
    "stepsCount" : 0,
    "attachmentsCount" : 2,
    "shouldDisplayMessage" : true,
    "hasContent" : true
  },
  "afterStages" : [ ],
  "labels" : [ {
    "name" : "parentSuite",
    "value" : "exam_masterpiece"
  }, {
    "name" : "suite",
    "value" : "test_ts0_cookies"
  }, {
    "name" : "host",
    "value" : "fv-az81-15"
  }, {
    "name" : "thread",
    "value" : "4213-MainThread"
  }, {
    "name" : "framework",
    "value" : "pytest"
  }, {
    "name" : "language",
    "value" : "cpython3"
  }, {
    "name" : "package",
    "value" : "exam_masterpiece.test_ts0_cookies"
  }, {
    "name" : "resultFormat",
    "value" : "allure2"
  } ],
  "parameters" : [ ],
  "links" : [ ],
  "hidden" : false,
  "retry" : false,
  "extra" : {
    "severity" : "normal",
    "retries" : [ ],
    "categories" : [ {
      "name" : "Test defects",
      "matchedStatuses" : [ ],
      "flaky" : false
    } ],
    "history" : {
      "statistic" : {
        "failed" : 0,
        "broken" : 28,
        "skipped" : 0,
        "passed" : 7,
        "unknown" : 0,
        "total" : 35
      },
      "items" : [ {
        "uid" : "b2828575b8553199",
        "reportUrl" : "https://sirokeszter.github.io/conduit/29//#testresult/b2828575b8553199",
        "status" : "passed",
        "time" : {
          "start" : 1627307192088,
          "stop" : 1627307230879,
          "duration" : 38791
        }
      }, {
        "uid" : "26c080e4de057203",
        "reportUrl" : "https://sirokeszter.github.io/conduit/27//#testresult/26c080e4de057203",
        "status" : "passed",
        "time" : {
          "start" : 1627305898242,
          "stop" : 1627305930561,
          "duration" : 32319
        }
      }, {
        "uid" : "3a7f886b023cc989",
        "reportUrl" : "https://sirokeszter.github.io/conduit/28//#testresult/3a7f886b023cc989",
        "status" : "passed",
        "time" : {
          "start" : 1627305854304,
          "stop" : 1627305886806,
          "duration" : 32502
        }
      }, {
        "uid" : "ae938bb6091bb486",
        "reportUrl" : "https://sirokeszter.github.io/conduit/26//#testresult/ae938bb6091bb486",
        "status" : "passed",
        "time" : {
          "start" : 1627304645208,
          "stop" : 1627304681007,
          "duration" : 35799
        }
      }, {
        "uid" : "5169e201b0aa7c7d",
        "reportUrl" : "https://sirokeszter.github.io/conduit/25//#testresult/5169e201b0aa7c7d",
        "status" : "passed",
        "time" : {
          "start" : 1627304386604,
          "stop" : 1627304418881,
          "duration" : 32277
        }
      }, {
        "uid" : "25f71cf0fd1a8256",
        "reportUrl" : "https://sirokeszter.github.io/conduit/24//#testresult/25f71cf0fd1a8256",
        "status" : "broken",
        "statusDetails" : "selenium.common.exceptions.NoSuchElementException: Message: no such element: Unable to locate element: {\"method\":\"xpath\",\"selector\":\"//*[@id=\"cookie-policy-panel\"]/div/div[2]/button[2]\"}\n  (Session info: headless chrome=91.0.4472.164)",
        "time" : {
          "start" : 1627286940782,
          "stop" : 1627286953580,
          "duration" : 12798
        }
      }, {
        "uid" : "d5bd509ecff5c54",
        "reportUrl" : "https://sirokeszter.github.io/conduit/23//#testresult/d5bd509ecff5c54",
        "status" : "broken",
        "statusDetails" : "selenium.common.exceptions.NoSuchElementException: Message: no such element: Unable to locate element: {\"method\":\"xpath\",\"selector\":\"//*[@id=\"cookie-policy-panel\"]/div/div[2]/button[2]\"}\n  (Session info: headless chrome=91.0.4472.164)",
        "time" : {
          "start" : 1627286515657,
          "stop" : 1627286528400,
          "duration" : 12743
        }
      }, {
        "uid" : "eda3bc1907048252",
        "reportUrl" : "https://sirokeszter.github.io/conduit/22//#testresult/eda3bc1907048252",
        "status" : "broken",
        "statusDetails" : "selenium.common.exceptions.NoSuchElementException: Message: no such element: Unable to locate element: {\"method\":\"xpath\",\"selector\":\"//*[@id=\"cookie-policy-panel\"]/div/div[2]/button[2]\"}\n  (Session info: headless chrome=91.0.4472.164)",
        "time" : {
          "start" : 1627285490187,
          "stop" : 1627285507124,
          "duration" : 16937
        }
      }, {
        "uid" : "10fdef6956b971be",
        "reportUrl" : "https://sirokeszter.github.io/conduit/21//#testresult/10fdef6956b971be",
        "status" : "broken",
        "statusDetails" : "selenium.common.exceptions.NoSuchElementException: Message: no such element: Unable to locate element: {\"method\":\"xpath\",\"selector\":\"//*[@id=\"cookie-policy-panel\"]/div/div[2]/button[2]\"}\n  (Session info: headless chrome=91.0.4472.164)",
        "time" : {
          "start" : 1627284652629,
          "stop" : 1627284673310,
          "duration" : 20681
        }
      }, {
        "uid" : "24264b4e2b80b356",
        "reportUrl" : "https://sirokeszter.github.io/conduit/21//#testresult/24264b4e2b80b356",
        "status" : "broken",
        "statusDetails" : "selenium.common.exceptions.NoSuchElementException: Message: no such element: Unable to locate element: {\"method\":\"xpath\",\"selector\":\"//*[@id=\"cookie-policy-panel\"]/div/div[2]/button[2]\"}\n  (Session info: headless chrome=91.0.4472.164)",
        "time" : {
          "start" : 1627283966298,
          "stop" : 1627283979065,
          "duration" : 12767
        }
      }, {
        "uid" : "926dd56dd041c8e8",
        "reportUrl" : "https://sirokeszter.github.io/conduit/20//#testresult/926dd56dd041c8e8",
        "status" : "broken",
        "statusDetails" : "selenium.common.exceptions.NoSuchElementException: Message: no such element: Unable to locate element: {\"method\":\"xpath\",\"selector\":\"//*[@id=\"cookie-policy-panel\"]/div/div[2]/button[2]\"}\n  (Session info: headless chrome=91.0.4472.164)",
        "time" : {
          "start" : 1627283907896,
          "stop" : 1627283926463,
          "duration" : 18567
        }
      }, {
        "uid" : "3951d2fc443e7ea0",
        "reportUrl" : "https://sirokeszter.github.io/conduit/19//#testresult/3951d2fc443e7ea0",
        "status" : "broken",
        "statusDetails" : "selenium.common.exceptions.NoSuchElementException: Message: no such element: Unable to locate element: {\"method\":\"xpath\",\"selector\":\"//*[@id=\"cookie-policy-panel\"]/div/div[2]/button[2]\"}\n  (Session info: headless chrome=91.0.4472.164)",
        "time" : {
          "start" : 1627280986707,
          "stop" : 1627281001943,
          "duration" : 15236
        }
      }, {
        "uid" : "27dcdac0939f5b1e",
        "reportUrl" : "https://sirokeszter.github.io/conduit/18//#testresult/27dcdac0939f5b1e",
        "status" : "broken",
        "statusDetails" : "selenium.common.exceptions.NoSuchElementException: Message: no such element: Unable to locate element: {\"method\":\"xpath\",\"selector\":\"//*[@id=\"cookie-policy-panel\"]/div/div[2]/button[2]\"}\n  (Session info: headless chrome=91.0.4472.164)",
        "time" : {
          "start" : 1627280871155,
          "stop" : 1627280887938,
          "duration" : 16783
        }
      }, {
        "uid" : "b909db2cafc99ce2",
        "reportUrl" : "https://sirokeszter.github.io/conduit/17//#testresult/b909db2cafc99ce2",
        "status" : "broken",
        "statusDetails" : "selenium.common.exceptions.NoSuchElementException: Message: no such element: Unable to locate element: {\"method\":\"xpath\",\"selector\":\"//*[@id=\"cookie-policy-panel\"]/div/div[2]/button[2]\"}\n  (Session info: headless chrome=91.0.4472.164)",
        "time" : {
          "start" : 1627280072107,
          "stop" : 1627280084690,
          "duration" : 12583
        }
      }, {
        "uid" : "e6b230f5f4810c80",
        "reportUrl" : "https://sirokeszter.github.io/conduit/17//#testresult/e6b230f5f4810c80",
        "status" : "broken",
        "statusDetails" : "selenium.common.exceptions.NoSuchElementException: Message: no such element: Unable to locate element: {\"method\":\"xpath\",\"selector\":\"//*[@id=\"cookie-policy-panel\"]/div/div[2]/button[2]\"}\n  (Session info: headless chrome=91.0.4472.164)",
        "time" : {
          "start" : 1627251331127,
          "stop" : 1627251349170,
          "duration" : 18043
        }
      }, {
        "uid" : "696f851924125e4a",
        "reportUrl" : "https://sirokeszter.github.io/conduit/16//#testresult/696f851924125e4a",
        "status" : "broken",
        "statusDetails" : "selenium.common.exceptions.NoSuchElementException: Message: no such element: Unable to locate element: {\"method\":\"xpath\",\"selector\":\"//*[@id=\"cookie-policy-panel\"]/div/div[2]/button[2]\"}\n  (Session info: headless chrome=91.0.4472.164)",
        "time" : {
          "start" : 1627251282450,
          "stop" : 1627251299836,
          "duration" : 17386
        }
      }, {
        "uid" : "f477ced14691ff90",
        "reportUrl" : "https://sirokeszter.github.io/conduit/16//#testresult/f477ced14691ff90",
        "status" : "passed",
        "time" : {
          "start" : 1627250805871,
          "stop" : 1627250843896,
          "duration" : 38025
        }
      }, {
        "uid" : "e0737b8cce86489f",
        "reportUrl" : "https://sirokeszter.github.io/conduit/15//#testresult/e0737b8cce86489f",
        "status" : "passed",
        "time" : {
          "start" : 1627250165814,
          "stop" : 1627250204925,
          "duration" : 39111
        }
      }, {
        "uid" : "78ddee08f1159707",
        "reportUrl" : "https://sirokeszter.github.io/conduit/12//#testresult/78ddee08f1159707",
        "status" : "broken",
        "statusDetails" : "selenium.common.exceptions.NoSuchElementException: Message: no such element: Unable to locate element: {\"method\":\"xpath\",\"selector\":\"//*[@id=\"cookie-policy-panel\"]/div/div[2]/button[2]\"}\n  (Session info: headless chrome=91.0.4472.164)",
        "time" : {
          "start" : 1627249792807,
          "stop" : 1627249810179,
          "duration" : 17372
        }
      }, {
        "uid" : "3c0e882181f57a46",
        "reportUrl" : "https://sirokeszter.github.io/conduit/14//#testresult/3c0e882181f57a46",
        "status" : "broken",
        "statusDetails" : "selenium.common.exceptions.NoSuchElementException: Message: no such element: Unable to locate element: {\"method\":\"xpath\",\"selector\":\"//*[@id=\"cookie-policy-panel\"]/div/div[2]/button[2]\"}\n  (Session info: headless chrome=91.0.4472.164)",
        "time" : {
          "start" : 1627249293725,
          "stop" : 1627249311955,
          "duration" : 18230
        }
      } ]
    },
    "tags" : [ ]
  },
  "source" : "65480ad72bdbbb8f.json",
  "parameterValues" : [ ]
}